2024-03-13T13:05:35.183Z 0: 

----------------------------------------------
2024-03-13T13:05:35.214Z 1: Discord starting: {"releaseChannel":"stable","version":"0.0.45"}, modulepath: /home/joebiden/.config/discord/0.0.45/modules
2024-03-13T13:05:35.288Z 2: ✅ webContents.created web1 "index.html"
2024-03-13T13:05:35.357Z 3: ✅ window.created win1 "discord"
2024-03-13T13:05:35.381Z 4: ✅ webContents.did-finish-load web1
2024-03-13T13:05:40.715Z 5: ✅ webContents.created web2 ""
2024-03-13T13:05:40.721Z 6: ✅ window.created win2 "Discord"
2024-03-13T13:05:42.828Z 7: ✅ webContents.did-finish-load web2
2024-03-13T13:05:42.927Z 8: window.close win1
2024-03-13T13:05:42.935Z 9: webContents.destroyed web1
2024-03-13T13:05:42.938Z 10: window.closed win1
2024-03-13T13:06:41.295Z 11: window.close win2
2024-03-13T13:06:43.285Z 0: 

----------------------------------------------
2024-03-13T13:06:47.462Z 12: ❌ webContents.nresponsive web2
2024-03-13T13:06:48.091Z 13: window.close win2
2024-03-13T13:06:56.266Z 0: 

----------------------------------------------
2024-03-13T13:07:07.449Z 14: window.close win2
2024-03-13T13:07:10.870Z 0: 

----------------------------------------------
2024-03-13T13:07:18.922Z 15: ❌ webContents.nresponsive web2
2024-03-13T13:29:48.102Z 16: ✅ webContents.created web3 ""
2024-03-13T13:29:48.128Z 17: ✅ window.created win3 "Discord Popout"
2024-03-13T13:29:48.376Z 18: ✅ webContents.did-finish-load web3
2024-03-13T14:31:56.440Z 19: window.close win3
2024-03-13T14:31:56.485Z 20: webContents.destroyed web3
2024-03-13T14:31:56.502Z 21: window.closed win3
2024-03-13T16:44:51.671Z 22: before-quit
2024-03-13T16:45:31.935Z 0: 

----------------------------------------------
2024-03-13T16:45:32.862Z 1: Discord starting: {"releaseChannel":"stable","version":"0.0.45"}, modulepath: /home/joebiden/.config/discord/0.0.45/modules
2024-03-13T16:45:32.875Z 2: ✅ webContents.created web1 ""
2024-03-13T16:45:32.880Z 3: ✅ window.created win1 "discord"
2024-03-13T16:45:33.382Z 4: ✅ webContents.did-finish-load web1
2024-03-13T16:45:33.732Z 5: ✅ webContents.created web2 ""
2024-03-13T16:45:33.779Z 6: ✅ window.created win2 "Discord"
2024-03-13T16:45:37.272Z 7: ✅ webContents.did-finish-load web2
2024-03-13T16:45:37.371Z 8: window.close win1
2024-03-13T16:45:37.376Z 9: webContents.destroyed web1
2024-03-13T16:45:37.380Z 10: window.closed win1
2024-03-13T16:50:36.623Z 0: 

----------------------------------------------
2024-03-13T16:50:36.674Z 1: Discord starting: {"releaseChannel":"stable","version":"0.0.45"}, modulepath: /home/joebiden/.config/discord/0.0.45/modules
2024-03-13T16:50:36.683Z 2: ✅ webContents.created web1 "index.html"
2024-03-13T16:50:36.692Z 3: ✅ window.created win1 "discord"
2024-03-13T16:50:36.874Z 4: ✅ webContents.did-finish-load web1
2024-03-13T16:50:37.148Z 5: ✅ webContents.created web2 ""
2024-03-13T16:50:37.168Z 6: ✅ window.created win2 "Discord"
2024-03-13T16:50:39.601Z 7: ✅ webContents.did-finish-load web2
2024-03-13T16:50:39.700Z 8: window.close win1
2024-03-13T16:50:39.739Z 9: webContents.destroyed web1
2024-03-13T16:50:39.743Z 10: window.closed win1
2024-03-13T17:11:16.863Z 11: before-quit
2024-03-13T17:14:34.827Z 0: 

----------------------------------------------
2024-03-13T17:14:35.451Z 1: Discord starting: {"releaseChannel":"stable","version":"0.0.45"}, modulepath: /home/joebiden/.config/discord/0.0.45/modules
2024-03-13T17:14:35.485Z 2: ✅ webContents.created web1 ""
2024-03-13T17:14:35.506Z 3: ✅ window.created win1 "discord"
2024-03-13T17:14:37.311Z 4: ✅ webContents.did-finish-load web1
2024-03-13T17:14:37.636Z 5: ✅ webContents.created web2 ""
2024-03-13T17:14:37.651Z 6: ✅ window.created win2 "Discord"
2024-03-13T17:14:40.627Z 7: ✅ webContents.did-finish-load web2
2024-03-13T17:14:40.726Z 8: window.close win1
2024-03-13T17:14:40.750Z 9: webContents.destroyed web1
2024-03-13T17:14:40.759Z 10: window.closed win1
2024-03-13T20:34:39.998Z 11: ✅ webContents.created web3 ""
2024-03-13T20:34:40.009Z 12: ✅ window.created win3 "Discord Popout"
2024-03-13T20:34:40.301Z 13: ✅ webContents.did-finish-load web3
2024-03-13T21:36:13.642Z 14: window.close win3
2024-03-13T21:36:13.659Z 15: webContents.destroyed web3
2024-03-13T21:36:13.672Z 16: window.closed win3
2024-03-13T21:37:47.611Z 17: ✅ webContents.created web4 ""
2024-03-13T21:37:47.621Z 18: ✅ window.created win4 "Discord Popout"
2024-03-13T21:37:47.939Z 19: ✅ webContents.did-finish-load web4
2024-03-13T21:42:38.644Z 20: window.close win4
2024-03-13T21:42:38.673Z 21: webContents.destroyed web4
2024-03-13T21:42:38.681Z 22: window.closed win4
2024-03-14T02:14:56.273Z 23: before-quit
2024-03-14T11:11:40.175Z 0: 

----------------------------------------------
2024-03-14T11:11:40.656Z 1: Discord starting: {"releaseChannel":"stable","version":"0.0.45"}, modulepath: /home/joebiden/.config/discord/0.0.45/modules
2024-03-14T11:11:40.838Z 2: ✅ webContents.created web1 ""
2024-03-14T11:11:41.059Z 3: ✅ window.created win1 "discord"
2024-03-14T11:11:41.481Z 4: ✅ webContents.did-finish-load web1
2024-03-14T11:11:41.711Z 5: ✅ webContents.created web2 ""
2024-03-14T11:11:41.725Z 6: ✅ window.created win2 "Discord"
2024-03-14T11:11:45.148Z 7: ✅ webContents.did-finish-load web2
2024-03-14T11:11:45.247Z 8: window.close win1
2024-03-14T11:11:45.271Z 9: webContents.destroyed web1
2024-03-14T11:11:45.275Z 10: window.closed win1
2024-03-15T02:03:08.600Z 11: before-quit
2024-03-15T18:12:09.721Z 0: 

----------------------------------------------
2024-03-15T18:12:09.743Z 1: Discord starting: {"releaseChannel":"stable","version":"0.0.45"}, modulepath: /home/joebiden/.config/discord/0.0.45/modules
2024-03-15T18:12:09.751Z 2: ✅ webContents.created web1 ""
2024-03-15T18:12:09.755Z 3: ✅ window.created win1 "discord"
2024-03-15T18:12:10.209Z 4: ✅ webContents.did-finish-load web1
2024-03-15T18:12:10.610Z 5: ✅ webContents.created web2 ""
2024-03-15T18:12:10.617Z 6: ✅ window.created win2 "Discord"
2024-03-15T18:12:23.981Z 7: ✅ webContents.did-finish-load web2
2024-03-15T18:12:24.080Z 8: window.close win1
2024-03-15T18:12:24.091Z 9: webContents.destroyed web1
2024-03-15T18:12:24.096Z 10: window.closed win1
2024-03-15T22:19:44.482Z 11: window.close win2
2024-03-15T22:19:47.195Z 0: 

----------------------------------------------
2024-03-15T22:19:50.445Z 12: before-quit
2024-03-15T22:19:50.451Z 13: window.close win2
2024-03-15T22:19:50.697Z 14: webContents.destroyed web2
2024-03-15T22:19:54.220Z 0: 

----------------------------------------------
2024-03-15T22:19:54.260Z 1: Discord starting: {"releaseChannel":"stable","version":"0.0.45"}, modulepath: /home/joebiden/.config/discord/0.0.45/modules
2024-03-15T22:19:54.284Z 2: ✅ webContents.created web1 "index.html"
2024-03-15T22:19:54.287Z 3: ✅ window.created win1 "discord"
2024-03-15T22:19:54.410Z 4: ✅ webContents.did-finish-load web1
2024-03-15T22:19:54.656Z 5: ✅ webContents.created web2 ""
2024-03-15T22:19:54.661Z 6: ✅ window.created win2 "Discord"
2024-03-15T22:19:56.380Z 7: ✅ webContents.did-finish-load web2
2024-03-15T22:19:56.479Z 8: window.close win1
2024-03-15T22:19:56.504Z 9: webContents.destroyed web1
2024-03-15T22:19:56.508Z 10: window.closed win1
2024-03-15T22:19:57.854Z 11: ✅ webContents.did-finish-load web2
2024-03-16T00:31:55.430Z 12: before-quit
2024-03-16T00:32:40.405Z 0: 

----------------------------------------------
2024-03-16T00:32:40.633Z 1: Discord starting: {"releaseChannel":"stable","version":"0.0.45"}, modulepath: /home/joebiden/.config/discord/0.0.45/modules
2024-03-16T00:32:40.695Z 2: ✅ webContents.created web1 "index.html"
2024-03-16T00:32:40.713Z 3: ✅ window.created win1 "discord"
2024-03-16T00:32:40.925Z 4: ✅ webContents.did-finish-load web1
2024-03-16T00:32:41.286Z 5: ✅ webContents.created web2 ""
2024-03-16T00:32:41.300Z 6: ✅ window.created win2 "Discord"
2024-03-16T00:32:43.837Z 7: ✅ webContents.did-finish-load web2
2024-03-16T00:32:43.934Z 8: window.close win1
2024-03-16T00:32:43.964Z 9: webContents.destroyed web1
2024-03-16T00:32:43.971Z 10: window.closed win1
2024-03-16T02:19:38.886Z 11: before-quit
2024-03-16T02:20:18.100Z 0: 

----------------------------------------------
2024-03-16T02:20:18.231Z 1: Discord starting: {"releaseChannel":"stable","version":"0.0.45"}, modulepath: /home/joebiden/.config/discord/0.0.45/modules
2024-03-16T02:20:18.360Z 2: ✅ webContents.created web1 "Discord Updater"
2024-03-16T02:20:18.525Z 3: ✅ window.created win1 "Discord Updater"
2024-03-16T02:20:18.596Z 4: ✅ webContents.did-finish-load web1
2024-03-16T02:20:19.025Z 5: ✅ webContents.created web2 ""
2024-03-16T02:20:19.099Z 6: ✅ window.created win2 "Discord"
2024-03-16T02:20:21.680Z 7: ✅ webContents.did-finish-load web2
2024-03-16T02:20:21.779Z 8: window.close win1
2024-03-16T02:20:21.792Z 9: webContents.destroyed web1
2024-03-16T02:20:21.796Z 10: window.closed win1
2024-03-16T02:22:16.023Z 0: 

----------------------------------------------
2024-03-16T02:22:16.080Z 1: Discord starting: {"releaseChannel":"stable","version":"0.0.45"}, modulepath: /home/joebiden/.config/discord/0.0.45/modules
2024-03-16T02:22:16.104Z 2: ✅ webContents.created web1 "index.html"
2024-03-16T02:22:16.139Z 3: ✅ window.created win1 "discord"
2024-03-16T02:22:16.243Z 4: ✅ webContents.did-finish-load web1
2024-03-16T02:22:16.500Z 5: ✅ webContents.created web2 ""
2024-03-16T02:22:16.513Z 6: ✅ window.created win2 "Discord"
2024-03-16T02:22:18.604Z 7: ✅ webContents.did-finish-load web2
2024-03-16T02:22:18.704Z 8: window.close win1
2024-03-16T02:22:18.733Z 9: webContents.destroyed web1
2024-03-16T02:22:18.738Z 10: window.closed win1
2024-03-16T02:28:55.250Z 0: 

----------------------------------------------
2024-03-16T02:28:55.288Z 1: Discord starting: {"releaseChannel":"stable","version":"0.0.45"}, modulepath: /home/joebiden/.config/discord/0.0.45/modules
2024-03-16T02:28:55.314Z 2: ✅ webContents.created web1 "index.html"
2024-03-16T02:28:55.318Z 3: ✅ window.created win1 "discord"
2024-03-16T02:28:55.475Z 4: ✅ webContents.did-finish-load web1
2024-03-16T02:28:55.734Z 5: ✅ webContents.created web2 ""
2024-03-16T02:28:55.746Z 6: ✅ window.created win2 "Discord"
2024-03-16T02:28:57.984Z 7: ✅ webContents.did-finish-load web2
2024-03-16T02:28:58.084Z 8: window.close win1
2024-03-16T02:28:58.102Z 9: webContents.destroyed web1
2024-03-16T02:28:58.107Z 10: window.closed win1
2024-03-16T02:36:36.512Z 0: 

----------------------------------------------
2024-03-16T02:36:36.561Z 1: Discord starting: {"releaseChannel":"stable","version":"0.0.45"}, modulepath: /home/joebiden/.config/discord/0.0.45/modules
2024-03-16T02:36:36.577Z 2: Wrote 296144 byte minidump to /home/joebiden/.config/discord/0.0.45/modules/crashlogs/2024_03_16T02_36_36_559Z-0-minidump.dmp
2024-03-16T02:36:36.582Z 3: ✅ webContents.created web1 "index.html"
2024-03-16T02:36:36.597Z 4: ✅ window.created win1 "discord"
2024-03-16T02:36:36.608Z 5: Sentry report: {"sdk":{"name":"sentry.javascript.electron","packages":[{"name":"npm:@sentry/electron","version":"4.13.0"}],"version":"4.13.0","integrations":["SentryMinidump","ElectronBreadcrumbs","Net","MainContext","ChildProcess","OnUncaughtException","PreloadInjection","AdditionalContext","Screenshots","InboundFilters","FunctionToString","Console","Http","Undici","OnUnhandledRejection","ContextLines","LocalVariables","Modules","RequestData","LinkedErrors"]},"contexts":{"trace":{"trace_id":"b2e2dfed3e804393a707f73911299440","span_id":"b049cc70b70e9ff0"},"app":{"app_name":"discord","app_version":"0.0.45","app_start_time":"2024-03-16T02:28:54.834Z"},"os":{"kernel_version":"6.7.9-zen1-1-zen","name":"Arch Linux","version":"\"rolling\""},"browser":{"name":"Chrome"},"chrome":{"name":"Chrome","type":"runtime","version":"108.0.5359.215"},"device":{"arch":"x64","family":"Desktop","language":"en-US","screen_density":1,"screen_resolution":"1920x1080","memory_size":16683892736,"free_memory":13726482432,"processor_count":16,"cpu_description":"AMD Ryzen 7 2700X Eight-Core Processor","processor_frequency":4224},"node":{"name":"Node","type":"runtime","version":"16.17.1"},"runtime":{"name":"Electron","version":"22.3.26"}},"environment":"stable","release":"0.0.45","user":{"ip_address":"{{auto}}","id":"485433757067640843","username":"bigladdylan","email":"social.unvalued253@passinbox.com"},"tags":{"event.origin":"electron","event.environment":"native","event.process":"browser","event_type":"native","nativeBuildNumber":"null"},"level":"fatal","platform":"native","breadcrumbs":[{"timestamp":1710556135.125,"category":"console","level":"log","message":"Discord 0.0.45"},{"timestamp":1710556135.216,"category":"electron","message":"app.will-finish-launching","type":"ui"},{"timestamp":1710556135.225,"category":"electron","message":"app.ready","type":"ui"},{"timestamp":1710556135.231,"category":"electron","message":"app.session-created","type":"ui"},{"timestamp":1710556135.232,"category":"console","level":"log","message":"Starting app."},{"timestamp":1710556135.234,"category":"console","level":"log","message":"Starting updater."},{"timestamp":1710556135.235,"category":"console","level":"log","message":"2024-03-16T02:28:55.235Z [Modules] Modules initializing"},{"timestamp":1710556135.235,"category":"console","level":"log","message":"2024-03-16T02:28:55.235Z [Modules] Distribution: remote"},{"timestamp":1710556135.235,"category":"console","level":"log","message":"2024-03-16T02:28:55.235Z [Modules] Host updates: enabled"},{"timestamp":1710556135.235,"category":"console","level":"log","message":"2024-03-16T02:28:55.235Z [Modules] Module updates: enabled"},{"timestamp":1710556135.235,"category":"console","level":"log","message":"2024-03-16T02:28:55.235Z [Modules] Module install path: /home/joebiden/.config/discord/0.0.45/modules"},{"timestamp":1710556135.236,"category":"console","level":"log","message":"2024-03-16T02:28:55.236Z [Modules] Module installed file path: /home/joebiden/.config/discord/0.0.45/modules/installed.json"},{"timestamp":1710556135.236,"category":"console","level":"log","message":"2024-03-16T02:28:55.236Z [Modules] Module download path: /home/joebiden/.config/discord/0.0.45/modules/pending"},{"timestamp":1710556135.237,"category":"console","level":"log","message":"splashScreen.initSplash(false)"},{"timestamp":1710556135.241,"category":"electron","message":"app.web-contents-created","type":"ui"},{"timestamp":1710556135.242,"category":"electron","message":"app.browser-window-created","type":"ui"},{"timestamp":1710556135.248,"category":"electron","message":"renderer.load-url","type":"ui","data":{}},{"timestamp":1710556135.25,"category":"console","level":"log","message":"blackbox: 2024-03-16T02:28:55.250Z 0 \n\n----------------------------------------------"},{"timestamp":1710556135.288,"category":"console","level":"log","message":"blackbox: 2024-03-16T02:28:55.288Z 1 Discord starting: {\"releaseChannel\":\"stable\",\"version\":\"0.0.45\"}, modulepath: /home/joebiden/.config/discord/0.0.45/modules"},{"timestamp":1710556135.314,"category":"console","level":"log","message":"blackbox: 2024-03-16T02:28:55.314Z 2 ✅ webContents.created web1 \"index.html\""},{"timestamp":1710556135.318,"category":"console","level":"log","message":"blackbox: 2024-03-16T02:28:55.318Z 3 ✅ window.created win1 \"discord\""},{"timestamp":1710556135.36,"category":"electron","message":"app.gpu-info-update","type":"ui"},{"timestamp":1710556135.407,"category":"console","level":"log","message":"splashScreen: SPLASH_SCREEN_READY"},{"timestamp":1710556135.409,"category":"console","level":"log","message":"splashScreen.webContentsSend: SPLASH_SCREEN_QUOTE SPLASH_SCREEN_QUOTE [ 'Hold Tight — Loading Discord' ]"},{"timestamp":1710556135.411,"category":"electron","message":"window.show","type":"ui","data":{"id":1,"url":"app:///app_bootstrap/splash/index.html"}},{"timestamp":1710556135.411,"category":"console","level":"log","message":"2024-03-16T02:28:55.411Z [Modules] No updates to install"},{"timestamp":1710556135.412,"category":"console","level":"log","message":"splashScreen: no-pending-updates"},{"timestamp":1710556135.412,"category":"console","level":"log","message":"2024-03-16T02:28:55.412Z [Modules] Checking for host updates."},{"timestamp":1710556135.412,"category":"console","level":"log","message":"splashScreen: checking-for-updates"},{"timestamp":1710556135.413,"category":"console","level":"log","message":"splashScreen.updateSplashState checking-for-updates checking-for-updates {}"},{"timestamp":1710556135.413,"category":"console","level":"log","message":"splashScreen.webContentsSend: SPLASH_UPDATE_STATE SPLASH_UPDATE_STATE [ { status: 'checking-for-updates' } ]"},{"timestamp":1710556135.416,"category":"electron","message":"window.focus","type":"ui","data":{"id":1,"url":"app:///app_bootstrap/splash/index.html"}},{"timestamp":1710556135.416,"category":"electron","message":"app.browser-window-focus","type":"ui"},{"timestamp":1710556135.417,"category":"electron","message":"window.blur","type":"ui","data":{"id":1,"url":"app:///app_bootstrap/splash/index.html"}},{"timestamp":1710556135.417,"category":"electron","message":"app.browser-window-blur","type":"ui"},{"timestamp":1710556135.417,"category":"electron","message":"window.focus","type":"ui","data":{"id":1,"url":"app:///app_bootstrap/splash/index.html"}},{"timestamp":1710556135.417,"category":"electron","message":"app.browser-window-focus","type":"ui"},{"timestamp":1710556135.443,"category":"electron","message":"renderer.dom-ready","type":"ui","data":{"id":1,"url":"app:///app_bootstrap/splash/index.html"}},{"timestamp":1710556135.475,"category":"console","level":"log","message":"blackbox: 2024-03-16T02:28:55.475Z 4 ✅ webContents.did-finish-load web1"},{"timestamp":1710556135.595,"category":"electron","message":"window.blur","type":"ui","data":{"id":1,"url":"app:///app_bootstrap/splash/index.html"}},{"timestamp":1710556135.595,"category":"electron","message":"app.browser-window-blur","type":"ui"},{"timestamp":1710556135.632,"type":"http","category":"electron.net","data":{"url":"https://discord.com/api/updates/stable?platform=linux&version=0.0.45","method":"GET","status_code":204}},{"timestamp":1710556135.634,"category":"console","level":"log","message":"2024-03-16T02:28:55.634Z [Modules] Host is up to date."},{"timestamp":1710556135.634,"category":"console","level":"log","message":"2024-03-16T02:28:55.634Z [Modules] Checking for module updates at https://discord.com/api/modules/stable/versions.json"},{"timestamp":1710556135.66,"type":"http","category":"electron.net","data":{"url":"https://discord.com/api/modules/stable/versions.json?host_version=0.0.45&platform=linux&_=5701853","method":"GET","status_code":200}},{"timestamp":1710556135.661,"category":"console","level":"log","message":"2024-03-16T02:28:55.661Z [Modules] No module updates available."},{"timestamp":1710556135.661,"category":"console","level":"log","message":"splashScreen: update-check-finished true 0 false"},{"timestamp":1710556135.662,"category":"console","level":"log","message":"splashScreen.launchMainWindow: false"},{"timestamp":1710556135.71,"category":"electron","message":"powerMonitor.newListener","type":"ui"},{"timestamp":1710556135.72,"category":"electron","message":"app.web-contents-created","type":"ui"},{"timestamp":1710556135.725,"category":"electron","message":"app.browser-window-created","type":"ui"},{"timestamp":1710556135.726,"category":"console","level":"log","message":"Optional module ./ElectronTestRpc was not included."},{"timestamp":1710556135.734,"category":"electron","message":"renderer.load-url","type":"ui","data":{}},{"timestamp":1710556135.734,"category":"console","level":"log","message":"splashScreen.updateSplashState launching launching {}"},{"timestamp":1710556135.734,"category":"console","level":"log","message":"splashScreen.webContentsSend: SPLASH_UPDATE_STATE SPLASH_UPDATE_STATE [ { status: 'launching' } ]"},{"timestamp":1710556135.734,"category":"electron","message":"powerMonitor.newListener","type":"ui"},{"timestamp":1710556135.734,"category":"console","level":"log","message":"blackbox: 2024-03-16T02:28:55.734Z 5 ✅ webContents.created web2 \"\""},{"timestamp":1710556135.746,"category":"console","level":"log","message":"blackbox: 2024-03-16T02:28:55.746Z 6 ✅ window.created win2 \"Discord\""},{"timestamp":1710556136.556,"category":"console","data":{"arguments":["Initializing voice engine with audio subsystem: false"],"logger":"console"},"level":"log","message":"Initializing voice engine with audio subsystem: false"},{"timestamp":1710556136.699,"category":"console","level":"log","message":"legacyModuleUpdater: installed-module discord_krisp 1 1 true"},{"timestamp":1710556136.703,"category":"console","level":"log","message":"legacyModuleUpdater: installed-module discord_game_utils 1 1 true"},{"timestamp":1710556136.788,"category":"console","level":"log","message":"mainScreen.UpdaterEvents: UPDATER_HISTORY_QUERY_AND_TRUNCATE"},{"timestamp":1710556136.825,"category":"electron","message":"renderer.dom-ready","type":"ui","data":{"id":2,"url":"https://discord.com/app?_=1710556135706"}},{"timestamp":1710556136.834,"category":"console","data":{"arguments":["Initializing krisp module"],"logger":"console"},"level":"info","message":"Initializing krisp module"},{"timestamp":1710556137.23,"category":"console","level":"log","message":"mainScreen.UpdaterEvents: UPDATER_HISTORY_QUERY_AND_TRUNCATE"},{"timestamp":1710556137.246,"category":"console","level":"log","message":"mainScreen.UpdaterEvents: UPDATER_HISTORY_QUERY_AND_TRUNCATE"},{"timestamp":1710556137.753,"category":"console","level":"log","message":"mainScreen.UpdaterEvents: CHECK_FOR_UPDATES UPDATE_NOT_AVAILABLE"},{"timestamp":1710556137.753,"category":"console","level":"log","message":"2024-03-16T02:28:57.753Z [Modules] Checking for host updates."},{"timestamp":1710556137.847,"category":"console","level":"log","message":"legacyModuleUpdater: installed-module discord_rpc 1 1 true"},{"timestamp":1710556137.899,"type":"http","category":"electron.net","data":{"url":"https://discord.com/api/updates/stable?platform=linux&version=0.0.45","method":"GET","status_code":204}},{"timestamp":1710556137.9,"category":"console","level":"log","message":"2024-03-16T02:28:57.900Z [Modules] Host is up to date."},{"timestamp":1710556137.9,"category":"console","level":"log","message":"2024-03-16T02:28:57.900Z [Modules] Checking for module updates at https://discord.com/api/modules/stable/versions.json"},{"timestamp":1710556137.905,"type":"http","category":"electron.net","data":{"url":"https://discord.com/api/modules/stable/versions.json?host_version=0.0.45&platform=linux&_=5701853","method":"GET","status_code":200}},{"timestamp":1710556137.906,"category":"console","level":"log","message":"2024-03-16T02:28:57.906Z [Modules] No module updates available."},{"timestamp":1710556137.906,"category":"console","level":"log","message":"legacyModuleUpdater: update-check-finished"},{"timestamp":1710556137.909,"category":"console","level":"log","message":"mainScreen.UpdaterEvents: UPDATER_HISTORY_QUERY_AND_TRUNCATE"},{"timestamp":1710556137.981,"category":"console","level":"log","message":"mainScreen.on(did-finish-load) false false"},{"timestamp":1710556137.982,"category":"console","level":"log","message":"splashScreen.pageReady"},{"timestamp":1710556137.984,"category":"electron","message":"window.show","type":"ui","data":{"id":2,"url":"https://discord.com/app?_=1710556135706","title":""}},{"timestamp":1710556137.984,"category":"console","level":"log","message":"blackbox: 2024-03-16T02:28:57.984Z 7 ✅ webContents.did-finish-load web2"},{"timestamp":1710556137.99,"category":"electron","message":"window.focus","type":"ui","data":{"id":1,"url":"app:///app_bootstrap/splash/index.html"}},{"timestamp":1710556137.99,"category":"electron","message":"app.browser-window-focus","type":"ui"},{"timestamp":1710556137.99,"category":"electron","message":"window.blur","type":"ui","data":{"id":1,"url":"app:///app_bootstrap/splash/index.html"}},{"timestamp":1710556137.99,"category":"electron","message":"app.browser-window-blur","type":"ui"},{"timestamp":1710556137.991,"category":"electron","message":"window.focus","type":"ui","data":{"id":2,"url":"https://discord.com/app?_=1710556135706","title":""}},{"timestamp":1710556137.991,"category":"electron","message":"app.browser-window-focus","type":"ui"},{"timestamp":1710556138.084,"category":"electron","message":"window.hide","type":"ui","data":{"id":1,"url":"app:///app_bootstrap/splash/index.html"}},{"timestamp":1710556138.084,"category":"electron","message":"window.close","type":"ui","data":{"id":1,"url":"app:///app_bootstrap/splash/index.html"}},{"timestamp":1710556138.084,"category":"console","level":"log","message":"blackbox: 2024-03-16T02:28:58.084Z 8 window.close win1"},{"timestamp":1710556138.086,"category":"electron","message":"renderer.destroyed","type":"ui","data":{"id":1,"url":"app:///app_bootstrap/splash/index.html"}},{"timestamp":1710556138.099,"category":"electron","message":"window.closed","type":"ui","data":{"id":1,"url":"app:///app_bootstrap/splash/index.html"}},{"timestamp":1710556138.102,"category":"console","level":"log","message":"blackbox: 2024-03-16T02:28:58.102Z 9 webContents.destroyed web1"},{"timestamp":1710556138.107,"category":"console","level":"log","message":"blackbox: 2024-03-16T02:28:58.107Z 10 window.closed win1"},{"timestamp":1710556139.153,"category":"electron","message":"window.blur","type":"ui","data":{"id":2,"url":"https://discord.com/channels/@me","title":""}},{"timestamp":1710556139.153,"category":"electron","message":"app.browser-window-blur","type":"ui"},{"timestamp":1710556596.4,"category":"console","level":"log","message":"Discord 0.0.45"},{"timestamp":1710556596.473,"category":"electron","message":"app.will-finish-launching","type":"ui"},{"timestamp":1710556596.48,"category":"electron","message":"app.ready","type":"ui"},{"timestamp":1710556596.49,"category":"electron","message":"app.session-created","type":"ui"},{"timestamp":1710556596.491,"category":"console","level":"log","message":"Starting app."},{"timestamp":1710556596.494,"category":"console","level":"log","message":"Starting updater."},{"timestamp":1710556596.495,"category":"console","level":"log","message":"2024-03-16T02:36:36.495Z [Modules] Modules initializing"},{"timestamp":1710556596.495,"category":"console","level":"log","message":"2024-03-16T02:36:36.495Z [Modules] Distribution: remote"},{"timestamp":1710556596.495,"category":"console","level":"log","message":"2024-03-16T02:36:36.495Z [Modules] Host updates: enabled"},{"timestamp":1710556596.495,"category":"console","level":"log","message":"2024-03-16T02:36:36.495Z [Modules] Module updates: enabled"},{"timestamp":1710556596.495,"category":"console","level":"log","message":"2024-03-16T02:36:36.495Z [Modules] Module install path: /home/joebiden/.config/discord/0.0.45/modules"},{"timestamp":1710556596.495,"category":"console","level":"log","message":"2024-03-16T02:36:36.495Z [Modules] Module installed file path: /home/joebiden/.config/discord/0.0.45/modules/installed.json"},{"timestamp":1710556596.496,"category":"console","level":"log","message":"2024-03-16T02:36:36.496Z [Modules] Module download path: /home/joebiden/.config/discord/0.0.45/modules/pending"},{"timestamp":1710556596.497,"category":"console","level":"log","message":"splashScreen.initSplash(false)"},{"timestamp":1710556596.502,"category":"electron","message":"app.web-contents-created","type":"ui"},{"timestamp":1710556596.503,"category":"electron","message":"app.browser-window-created","type":"ui"},{"timestamp":1710556596.51,"category":"electron","message":"renderer.load-url","type":"ui","data":{}},{"timestamp":1710556596.512,"category":"console","level":"log","message":"blackbox: 2024-03-16T02:36:36.512Z 0 \n\n----------------------------------------------"},{"timestamp":1710556596.4,"category":"console","level":"log","message":"Discord 0.0.45"},{"timestamp":1710556596.473,"category":"electron","message":"app.will-finish-launching","type":"ui"},{"timestamp":1710556596.48,"category":"electron","message":"app.ready","type":"ui"},{"timestamp":1710556596.49,"category":"electron","message":"app.session-created","type":"ui"},{"timestamp":1710556596.491,"category":"console","level":"log","message":"Starting app."},{"timestamp":1710556596.494,"category":"console","level":"log","message":"Starting updater."},{"timestamp":1710556596.495,"category":"console","level":"log","message":"2024-03-16T02:36:36.495Z [Modules] Modules initializing"},{"timestamp":1710556596.495,"category":"console","level":"log","message":"2024-03-16T02:36:36.495Z [Modules] Distribution: remote"},{"timestamp":1710556596.495,"category":"console","level":"log","message":"2024-03-16T02:36:36.495Z [Modules] Host updates: enabled"},{"timestamp":1710556596.495,"category":"console","level":"log","message":"2024-03-16T02:36:36.495Z [Modules] Module updates: enabled"},{"timestamp":1710556596.495,"category":"console","level":"log","message":"2024-03-16T02:36:36.495Z [Modules] Module install path: /home/joebiden/.config/discord/0.0.45/modules"},{"timestamp":1710556596.495,"category":"console","level":"log","message":"2024-03-16T02:36:36.495Z [Modules] Module installed file path: /home/joebiden/.config/discord/0.0.45/modules/installed.json"},{"timestamp":1710556596.496,"category":"console","level":"log","message":"2024-03-16T02:36:36.496Z [Modules] Module download path: /home/joebiden/.config/discord/0.0.45/modules/pending"},{"timestamp":1710556596.497,"category":"console","level":"log","message":"splashScreen.initSplash(false)"},{"timestamp":1710556596.502,"category":"electron","message":"app.web-contents-created","type":"ui"},{"timestamp":1710556596.503,"category":"electron","message":"app.browser-window-created","type":"ui"},{"timestamp":1710556596.51,"category":"electron","message":"renderer.load-url","type":"ui","data":{}},{"timestamp":1710556596.512,"category":"console","level":"log","message":"blackbox: 2024-03-16T02:36:36.512Z 0 \n\n----------------------------------------------"}],"modules":{"mkdirp":"0.5.5","rimraf":"2.7.1","glob":"7.1.7","fs.realpath":"1.0.0","minimatch":"3.1.2","brace-expansion":"1.1.11","concat-map":"0.0.1","balanced-match":"1.0.2","inherits":"2.0.4","path-is-absolute":"1.0.1","inflight":"1.0.6","wrappy":"1.0.2","once":"1.4.0","yauzl":"2.10.0","fd-slicer":"1.1.0","pend":"1.2.0","buffer-crc32":"0.2.13","request":"2.88.0","extend":"3.0.2","tough-cookie":"2.4.3","psl":"1.8.0","json-stringify-safe":"5.0.1","safe-buffer":"5.2.1","aws-sign2":"0.7.0","aws4":"1.11.0","http-signature":"1.2.0","assert-plus":"1.0.0","sshpk":"1.16.1","safer-buffer":"2.1.2","asn1":"0.2.4","ecc-jsbn":"0.1.2","jsbn":"0.1.1","tweetnacl":"0.14.5","jsprim":"1.4.1","extsprintf":"1.3.0","verror":"1.10.0","core-util-is":"1.0.2","json-schema":"0.2.3","mime-types":"2.1.32","mime-db":"1.49.0","caseless":"0.12.0","forever-agent":"0.6.1","form-data":"2.3.3","combined-stream":"1.0.8","delayed-stream":"1.0.0","asynckit":"0.4.0","isstream":"0.1.2","is-typedarray":"1.0.0","qs":"6.5.3","har-validator":"5.1.5","ajv":"6.12.6","uri-js":"4.4.1","fast-deep-equal":"3.1.3","json-schema-traverse":"0.4.1","fast-json-stable-stringify":"2.1.0","har-schema":"2.0.0","uuid":"3.4.0","oauth-sign":"0.9.0","tunnel-agent":"0.6.0","performance-now":"2.1.0","arch":"2.2.0","https-proxy-agent":"5.0.1","ms":"2.1.2","agent-base":"6.0.2","lru_map":"0.3.3","cookie":"0.5.0","deepmerge":"4.3.0"},"event_id":"c873b9660a054704be469fedba35ec65","timestamp":1710556596.545,"extra":{"release_channel":"stable","sentry":{"environment":"stable","release":"0.0.45"},"wm":"Hyprland,unknown","distro":"\"Arch Linux\""}}
2024-03-16T02:36:36.739Z 6: ✅ webContents.did-finish-load web1
2024-03-16T02:36:36.947Z 7: ✅ webContents.created web2 ""
2024-03-16T02:36:36.954Z 8: ✅ window.created win2 "Discord"
2024-03-16T02:36:39.109Z 9: ✅ webContents.did-finish-load web2
2024-03-16T02:36:39.208Z 10: window.close win1
2024-03-16T02:36:39.244Z 11: webContents.destroyed web1
2024-03-16T02:36:39.248Z 12: window.closed win1
2024-03-16T02:40:00.359Z 0: 

----------------------------------------------
2024-03-16T02:40:00.404Z 1: Discord starting: {"releaseChannel":"stable","version":"0.0.45"}, modulepath: /home/joebiden/.config/discord/0.0.45/modules
2024-03-16T02:40:00.413Z 2: ✅ webContents.created web1 "index.html"
2024-03-16T02:40:00.437Z 3: ✅ window.created win1 "discord"
2024-03-16T02:40:00.597Z 4: ✅ webContents.did-finish-load web1
2024-03-16T02:40:00.928Z 5: ✅ webContents.created web2 ""
2024-03-16T02:40:00.948Z 6: ✅ window.created win2 "Discord"
2024-03-16T02:40:02.990Z 7: ✅ webContents.did-finish-load web2
2024-03-16T02:40:03.089Z 8: window.close win1
2024-03-16T02:40:03.113Z 9: webContents.destroyed web1
2024-03-16T02:40:03.125Z 10: window.closed win1
2024-03-16T02:41:48.054Z 0: 

----------------------------------------------
2024-03-16T02:41:48.103Z 1: Discord starting: {"releaseChannel":"stable","version":"0.0.45"}, modulepath: /home/joebiden/.config/discord/0.0.45/modules
2024-03-16T02:41:48.120Z 2: ✅ webContents.created web1 "index.html"
2024-03-16T02:41:48.144Z 3: ✅ window.created win1 "discord"
2024-03-16T02:41:48.302Z 4: ✅ webContents.did-finish-load web1
2024-03-16T02:41:48.496Z 5: ✅ webContents.created web2 ""
2024-03-16T02:41:48.502Z 6: ✅ window.created win2 "Discord"
2024-03-16T02:41:50.585Z 7: ✅ webContents.did-finish-load web2
2024-03-16T02:41:50.685Z 8: window.close win1
2024-03-16T02:41:50.709Z 9: webContents.destroyed web1
2024-03-16T02:41:50.715Z 10: window.closed win1
2024-03-16T02:44:09.011Z 11: before-quit
2024-03-16T02:44:43.892Z 0: 

----------------------------------------------
2024-03-16T02:44:44.088Z 1: Discord starting: {"releaseChannel":"stable","version":"0.0.45"}, modulepath: /home/joebiden/.config/discord/0.0.45/modules
2024-03-16T02:44:44.094Z 2: ✅ webContents.created web1 "index.html"
2024-03-16T02:44:44.099Z 3: ✅ window.created win1 "discord"
2024-03-16T02:44:44.324Z 4: ✅ webContents.did-finish-load web1
2024-03-16T02:44:44.611Z 5: ✅ webContents.created web2 ""
2024-03-16T02:44:44.651Z 6: ✅ window.created win2 "Discord"
2024-03-16T02:44:47.693Z 7: ✅ webContents.did-finish-load web2
2024-03-16T02:44:47.793Z 8: window.close win1
2024-03-16T02:44:47.826Z 9: webContents.destroyed web1
2024-03-16T02:44:47.831Z 10: window.closed win1
2024-03-16T04:09:13.181Z 11: before-quit
2024-03-16T11:43:47.870Z 0: 

----------------------------------------------
2024-03-16T11:43:47.910Z 1: Discord starting: {"releaseChannel":"stable","version":"0.0.45"}, modulepath: /home/joebiden/.config/discord/0.0.45/modules
2024-03-16T11:43:47.992Z 2: ✅ webContents.created web1 ""
2024-03-16T11:43:48.001Z 3: ✅ window.created win1 "discord"
2024-03-16T11:43:48.357Z 4: ✅ webContents.did-finish-load web1
2024-03-16T11:43:48.724Z 5: ✅ webContents.created web2 ""
2024-03-16T11:43:48.751Z 6: ✅ window.created win2 "Discord"
2024-03-16T11:43:51.533Z 7: ✅ webContents.did-finish-load web2
2024-03-16T11:43:51.632Z 8: window.close win1
2024-03-16T11:43:51.708Z 9: webContents.destroyed web1
2024-03-16T11:43:51.716Z 10: window.closed win1
2024-03-16T11:45:16.261Z 0: 

----------------------------------------------
2024-03-16T11:45:16.307Z 1: Discord starting: {"releaseChannel":"stable","version":"0.0.45"}, modulepath: /home/joebiden/.config/discord/0.0.45/modules
2024-03-16T11:45:16.322Z 2: ✅ webContents.created web1 "index.html"
2024-03-16T11:45:16.332Z 3: ✅ window.created win1 "discord"
2024-03-16T11:45:16.490Z 4: ✅ webContents.did-finish-load web1
2024-03-16T11:45:16.724Z 5: ✅ webContents.created web2 ""
2024-03-16T11:45:16.731Z 6: ✅ window.created win2 "Discord"
2024-03-16T11:45:18.884Z 7: ✅ webContents.did-finish-load web2
2024-03-16T11:45:18.982Z 8: window.close win1
2024-03-16T11:45:18.995Z 9: webContents.destroyed web1
2024-03-16T11:45:19.001Z 10: window.closed win1
2024-03-16T12:07:46.683Z 11: before-quit
2024-03-16T12:10:09.935Z 0: 

----------------------------------------------
2024-03-16T12:10:10.060Z 1: Discord starting: {"releaseChannel":"stable","version":"0.0.45"}, modulepath: /home/joebiden/.config/discord/0.0.45/modules
2024-03-16T12:10:10.076Z 2: ✅ webContents.created web1 ""
2024-03-16T12:10:10.090Z 3: ✅ window.created win1 "discord"
2024-03-16T12:10:10.291Z 4: ✅ webContents.did-finish-load web1
2024-03-16T12:10:10.732Z 5: ✅ webContents.created web2 ""
2024-03-16T12:10:10.767Z 6: ✅ window.created win2 "Discord"
2024-03-16T12:10:13.125Z 7: ✅ webContents.did-finish-load web2
2024-03-16T12:10:13.225Z 8: window.close win1
2024-03-16T12:10:13.270Z 9: webContents.destroyed web1
2024-03-16T12:10:13.274Z 10: window.closed win1
2024-03-16T12:11:01.699Z 0: 

----------------------------------------------
2024-03-16T12:11:01.738Z 1: Discord starting: {"releaseChannel":"stable","version":"0.0.45"}, modulepath: /home/joebiden/.config/discord/0.0.45/modules
2024-03-16T12:11:01.747Z 2: ✅ webContents.created web1 ""
2024-03-16T12:11:01.772Z 3: ✅ window.created win1 "discord"
2024-03-16T12:11:01.947Z 4: ✅ webContents.did-finish-load web1
2024-03-16T12:11:02.169Z 5: ✅ webContents.created web2 ""
2024-03-16T12:11:02.203Z 6: ✅ window.created win2 "Discord"
2024-03-16T12:11:04.372Z 7: ✅ webContents.did-finish-load web2
2024-03-16T12:11:04.470Z 8: window.close win1
2024-03-16T12:11:04.479Z 9: webContents.destroyed web1
2024-03-16T12:11:04.493Z 10: window.closed win1
2024-03-16T12:13:00.043Z 0: 

----------------------------------------------
2024-03-16T12:13:00.091Z 1: Discord starting: {"releaseChannel":"stable","version":"0.0.45"}, modulepath: /home/joebiden/.config/discord/0.0.45/modules
2024-03-16T12:13:00.129Z 2: ✅ webContents.created web1 "index.html"
2024-03-16T12:13:00.138Z 3: ✅ window.created win1 "discord"
2024-03-16T12:13:00.283Z 4: ✅ webContents.did-finish-load web1
2024-03-16T12:13:00.511Z 5: ✅ webContents.created web2 ""
2024-03-16T12:13:00.521Z 6: ✅ window.created win2 "Discord"
2024-03-16T12:13:02.577Z 7: ✅ webContents.did-finish-load web2
2024-03-16T12:13:02.677Z 8: window.close win1
2024-03-16T12:13:02.709Z 9: webContents.destroyed web1
2024-03-16T12:13:02.721Z 10: window.closed win1
2024-03-16T12:23:49.450Z 0: 

----------------------------------------------
2024-03-16T12:23:49.490Z 1: Discord starting: {"releaseChannel":"stable","version":"0.0.45"}, modulepath: /home/joebiden/.config/discord/0.0.45/modules
2024-03-16T12:23:49.519Z 2: ✅ webContents.created web1 "index.html"
2024-03-16T12:23:49.540Z 3: ✅ window.created win1 "discord"
2024-03-16T12:23:49.670Z 4: ✅ webContents.did-finish-load web1
2024-03-16T12:23:49.932Z 5: ✅ webContents.created web2 ""
2024-03-16T12:23:49.944Z 6: ✅ window.created win2 "Discord"
2024-03-16T12:23:52.024Z 7: ✅ webContents.did-finish-load web2
2024-03-16T12:23:52.123Z 8: window.close win1
2024-03-16T12:23:52.145Z 9: webContents.destroyed web1
2024-03-16T12:23:52.159Z 10: window.closed win1
2024-03-16T12:30:32.061Z 0: 

----------------------------------------------
2024-03-16T12:30:32.107Z 1: Discord starting: {"releaseChannel":"stable","version":"0.0.45"}, modulepath: /home/joebiden/.config/discord/0.0.45/modules
2024-03-16T12:30:32.136Z 2: ✅ webContents.created web1 "index.html"
2024-03-16T12:30:32.145Z 3: ✅ window.created win1 "discord"
2024-03-16T12:30:32.298Z 4: ✅ webContents.did-finish-load web1
2024-03-16T12:30:32.524Z 5: ✅ webContents.created web2 ""
2024-03-16T12:30:32.537Z 6: ✅ window.created win2 "Discord"
2024-03-16T12:30:34.660Z 7: ✅ webContents.did-finish-load web2
2024-03-16T12:30:34.759Z 8: window.close win1
2024-03-16T12:30:34.792Z 9: webContents.destroyed web1
2024-03-16T12:30:34.796Z 10: window.closed win1
2024-03-16T12:32:53.846Z 0: 

----------------------------------------------
2024-03-16T12:32:53.876Z 1: Discord starting: {"releaseChannel":"stable","version":"0.0.45"}, modulepath: /home/joebiden/.config/discord/0.0.45/modules
2024-03-16T12:32:53.910Z 2: ✅ webContents.created web1 "index.html"
2024-03-16T12:32:53.939Z 3: ✅ window.created win1 "discord"
2024-03-16T12:32:54.091Z 4: ✅ webContents.did-finish-load web1
2024-03-16T12:32:54.317Z 5: ✅ webContents.created web2 ""
2024-03-16T12:32:54.344Z 6: ✅ window.created win2 "Discord"
2024-03-16T12:32:56.469Z 7: ✅ webContents.did-finish-load web2
2024-03-16T12:32:56.569Z 8: window.close win1
2024-03-16T12:32:56.594Z 9: webContents.destroyed web1
2024-03-16T12:32:56.628Z 10: window.closed win1
2024-03-16T14:51:40.508Z 11: window.close win2
2024-03-16T14:51:43.402Z 0: 

----------------------------------------------
2024-03-16T14:51:44.126Z 12: ❌ webContents.nresponsive web2
2024-03-16T14:52:05.786Z 13: ❌ webContents.nresponsive web2
2024-03-16T14:52:19.112Z 14: window.close win2
2024-03-16T14:52:37.867Z 0: 

----------------------------------------------
2024-03-16T16:37:35.622Z 15: before-quit
2024-03-16T16:37:35.643Z 16: window.close win2
2024-03-16T16:40:46.575Z 0: 

----------------------------------------------
2024-03-16T16:40:46.617Z 1: Discord starting: {"releaseChannel":"stable","version":"0.0.45"}, modulepath: /home/joebiden/.config/discord/0.0.45/modules
2024-03-16T16:40:46.643Z 2: Wrote 236144 byte minidump to /home/joebiden/.config/discord/0.0.45/modules/crashlogs/2024_03_16T16_40_46_617Z-0-minidump.dmp
2024-03-16T16:40:46.647Z 3: ✅ webContents.created web1 "index.html"
2024-03-16T16:40:46.651Z 4: ✅ window.created win1 "discord"
2024-03-16T16:40:46.654Z 5: Sentry report: {"sdk":{"name":"sentry.javascript.electron","packages":[{"name":"npm:@sentry/electron","version":"4.13.0"}],"version":"4.13.0","integrations":["SentryMinidump","ElectronBreadcrumbs","Net","MainContext","ChildProcess","OnUncaughtException","PreloadInjection","AdditionalContext","Screenshots","InboundFilters","FunctionToString","Console","Http","Undici","OnUnhandledRejection","ContextLines","LocalVariables","Modules","RequestData","LinkedErrors"]},"contexts":{"trace":{"trace_id":"b9ceb0efae2b46bd94657e4cf18327ca","span_id":"904b34471bb08a83"},"app":{"app_name":"discord","app_version":"0.0.45","app_start_time":"2024-03-16T12:32:53.404Z"},"os":{"kernel_version":"6.7.9-zen1-1-zen","name":"Arch Linux","version":"\"rolling\""},"browser":{"name":"Chrome"},"chrome":{"name":"Chrome","type":"runtime","version":"108.0.5359.215"},"device":{"arch":"x64","family":"Desktop","language":"en-US","screen_density":1,"screen_resolution":"1920x1080","memory_size":16683892736,"free_memory":2765201408,"processor_count":16,"cpu_description":"AMD Ryzen 7 2700X Eight-Core Processor","processor_frequency":4224},"node":{"name":"Node","type":"runtime","version":"16.17.1"},"runtime":{"name":"Electron","version":"22.3.26"}},"environment":"stable","release":"0.0.45","user":{"ip_address":"{{auto}}","id":"485433757067640843","username":"bigladdylan","email":"social.unvalued253@passinbox.com"},"tags":{"event.origin":"electron","event.environment":"native","event.process":"browser","event_type":"native","nativeBuildNumber":"null"},"level":"fatal","platform":"native","breadcrumbs":[{"timestamp":1710606705.203,"category":"ui.input","message":"div.markup_a7e664.editor__66464.slateTextArea__0661c.fontSize16Padding__48818[aria-label=\"Message @$\"]"},{"timestamp":1710606710.619,"category":"ui.input","message":"div.markup_a7e664.editor__66464.slateTextArea__0661c.fontSize16Padding__48818[aria-label=\"Message @$\"]"},{"timestamp":1710606714.116,"category":"electron","message":"window.blur","type":"ui","data":{"id":2,"url":"https://discord.com/channels/@me/1048923954317893632"}},{"timestamp":1710606714.116,"category":"electron","message":"app.browser-window-blur","type":"ui"},{"timestamp":1710606714.932,"category":"electron","message":"window.focus","type":"ui","data":{"id":2,"url":"https://discord.com/channels/@me/1048923954317893632"}},{"timestamp":1710606714.932,"category":"electron","message":"app.browser-window-focus","type":"ui"},{"timestamp":1710606718.552,"category":"ui.input","message":"div.markup_a7e664.editor__66464.slateTextArea__0661c.fontSize16Padding__48818[aria-label=\"Message @$\"]"},{"timestamp":1710606725.491,"category":"ui.input","message":"div.markup_a7e664.editor__66464.slateTextArea__0661c.fontSize16Padding__48818[aria-label=\"Message @$\"]"},{"timestamp":1710606727.574,"category":"ui.input","message":"div.markup_a7e664.editor__66464.slateTextArea__0661c.fontSize16Padding__48818[aria-label=\"Message @$\"]"},{"timestamp":1710606730.198,"category":"electron","message":"window.blur","type":"ui","data":{"id":2,"url":"https://discord.com/channels/@me/1048923954317893632"}},{"timestamp":1710606730.198,"category":"electron","message":"app.browser-window-blur","type":"ui"},{"timestamp":1710606730.604,"category":"electron","message":"window.focus","type":"ui","data":{"id":2,"url":"https://discord.com/channels/@me/1048923954317893632"}},{"timestamp":1710606730.604,"category":"electron","message":"app.browser-window-focus","type":"ui"},{"timestamp":1710606731.192,"category":"electron","message":"window.blur","type":"ui","data":{"id":2,"url":"https://discord.com/channels/@me/1048923954317893632"}},{"timestamp":1710606731.192,"category":"electron","message":"app.browser-window-blur","type":"ui"},{"timestamp":1710606733.892,"category":"electron","message":"window.focus","type":"ui","data":{"id":2,"url":"https://discord.com/channels/@me/1048923954317893632"}},{"timestamp":1710606733.892,"category":"electron","message":"app.browser-window-focus","type":"ui"},{"timestamp":1710606734.086,"category":"electron","message":"window.blur","type":"ui","data":{"id":2,"url":"https://discord.com/channels/@me/1048923954317893632"}},{"timestamp":1710606734.086,"category":"electron","message":"app.browser-window-blur","type":"ui"},{"timestamp":1710606734.49,"category":"electron","message":"window.focus","type":"ui","data":{"id":2,"url":"https://discord.com/channels/@me/1048923954317893632"}},{"timestamp":1710606734.49,"category":"electron","message":"app.browser-window-focus","type":"ui"},{"timestamp":1710606736.422,"category":"electron","message":"window.blur","type":"ui","data":{"id":2,"url":"https://discord.com/channels/@me/1048923954317893632"}},{"timestamp":1710606736.422,"category":"electron","message":"app.browser-window-blur","type":"ui"},{"timestamp":1710606736.674,"category":"electron","message":"window.focus","type":"ui","data":{"id":2,"url":"https://discord.com/channels/@me/1048923954317893632"}},{"timestamp":1710606736.674,"category":"electron","message":"app.browser-window-focus","type":"ui"},{"timestamp":1710606737.24,"category":"ui.input","message":"div.markup_a7e664.editor__66464.slateTextArea__0661c.fontSize16Padding__48818[aria-label=\"Message @$\"]"},{"timestamp":1710606739.226,"category":"ui.input","message":"div.markup_a7e664.editor__66464.slateTextArea__0661c.fontSize16Padding__48818[aria-label=\"Message @$\"]"},{"timestamp":1710606743.324,"category":"ui.input","message":"div.markup_a7e664.editor__66464.slateTextArea__0661c.fontSize16Padding__48818[aria-label=\"Message @$\"]"},{"timestamp":1710606755.408,"category":"ui.input","message":"div.markup_a7e664.editor__66464.slateTextArea__0661c.fontSize16Padding__48818[aria-label=\"Message @$\"]"},{"timestamp":1710606758.66,"category":"ui.input","message":"div.markup_a7e664.editor__66464.slateTextArea__0661c.fontSize16Padding__48818[aria-label=\"Message @$\"]"},{"timestamp":1710606767.8,"category":"ui.input","message":"div.markup_a7e664.editor__66464.slateTextArea__0661c.fontSize16Padding__48818[aria-label=\"Message @$\"]"},{"timestamp":1710606770.655,"category":"ui.input","message":"div.markup_a7e664.editor__66464.slateTextArea__0661c.fontSize16Padding__48818[aria-label=\"Message @$\"]"},{"timestamp":1710606775.382,"category":"ui.input","message":"div.markup_a7e664.editor__66464.slateTextArea__0661c.fontSize16Padding__48818[aria-label=\"Message @$\"]"},{"timestamp":1710606776.255,"category":"console","level":"log","message":"mainScreen.UpdaterEvents: CHECK_FOR_UPDATES UPDATE_NOT_AVAILABLE"},{"timestamp":1710606776.255,"category":"console","level":"log","message":"2024-03-16T16:32:56.255Z [Modules] Checking for host updates."},{"timestamp":1710606776.391,"type":"http","category":"electron.net","data":{"url":"https://discord.com/api/updates/stable?platform=linux&version=0.0.45","method":"GET","status_code":204}},{"timestamp":1710606776.392,"category":"console","level":"log","message":"2024-03-16T16:32:56.392Z [Modules] Host is up to date."},{"timestamp":1710606776.392,"category":"console","level":"log","message":"2024-03-16T16:32:56.392Z [Modules] Checking for module updates at https://discord.com/api/modules/stable/versions.json"},{"timestamp":1710606776.425,"type":"http","category":"electron.net","data":{"url":"https://discord.com/api/modules/stable/versions.json?host_version=0.0.45&platform=linux&_=5702022","method":"GET","status_code":200}},{"timestamp":1710606776.426,"category":"console","level":"log","message":"2024-03-16T16:32:56.426Z [Modules] No module updates available."},{"timestamp":1710606776.426,"category":"console","level":"log","message":"legacyModuleUpdater: update-check-finished"},{"timestamp":1710606776.923,"category":"ui.input","message":"div.markup_a7e664.editor__66464.slateTextArea__0661c.fontSize16Padding__48818[aria-label=\"Message @$\"]"},{"timestamp":1710606779.176,"category":"ui.input","message":"div.markup_a7e664.editor__66464.slateTextArea__0661c.fontSize16Padding__48818[aria-label=\"Message @$\"]"},{"timestamp":1710606783.584,"category":"electron","message":"window.blur","type":"ui","data":{"id":2,"url":"https://discord.com/channels/@me/1048923954317893632"}},{"timestamp":1710606783.584,"category":"electron","message":"app.browser-window-blur","type":"ui"},{"timestamp":1710606783.802,"category":"electron","message":"window.focus","type":"ui","data":{"id":2,"url":"https://discord.com/channels/@me/1048923954317893632"}},{"timestamp":1710606783.802,"category":"electron","message":"app.browser-window-focus","type":"ui"},{"timestamp":1710606784.022,"category":"electron","message":"window.blur","type":"ui","data":{"id":2,"url":"https://discord.com/channels/@me/1048923954317893632"}},{"timestamp":1710606784.022,"category":"electron","message":"app.browser-window-blur","type":"ui"},{"timestamp":1710606784.576,"category":"electron","message":"window.focus","type":"ui","data":{"id":2,"url":"https://discord.com/channels/@me/1048923954317893632"}},{"timestamp":1710606784.577,"category":"electron","message":"app.browser-window-focus","type":"ui"},{"timestamp":1710606785.316,"category":"ui.input","message":"div.markup_a7e664.editor__66464.slateTextArea__0661c.fontSize16Padding__48818[aria-label=\"Message @$\"]"},{"timestamp":1710606788.701,"category":"electron","message":"window.blur","type":"ui","data":{"id":2,"url":"https://discord.com/channels/@me/1048923954317893632"}},{"timestamp":1710606788.701,"category":"electron","message":"app.browser-window-blur","type":"ui"},{"timestamp":1710606790.229,"category":"electron","message":"window.focus","type":"ui","data":{"id":2,"url":"https://discord.com/channels/@me/1048923954317893632"}},{"timestamp":1710606790.23,"category":"electron","message":"app.browser-window-focus","type":"ui"},{"timestamp":1710606791.64,"category":"ui.input","message":"div.markup_a7e664.editor__66464.slateTextArea__0661c.fontSize16Padding__48818[aria-label=\"Message @$\"]"},{"timestamp":1710606795.53,"category":"electron","message":"window.blur","type":"ui","data":{"id":2,"url":"https://discord.com/channels/@me/1048923954317893632"}},{"timestamp":1710606795.53,"category":"electron","message":"app.browser-window-blur","type":"ui"},{"timestamp":1710606795.948,"category":"electron","message":"window.focus","type":"ui","data":{"id":2,"url":"https://discord.com/channels/@me/1048923954317893632"}},{"timestamp":1710606795.949,"category":"electron","message":"app.browser-window-focus","type":"ui"},{"timestamp":1710606796.152,"category":"electron","message":"window.blur","type":"ui","data":{"id":2,"url":"https://discord.com/channels/@me/1048923954317893632"}},{"timestamp":1710606796.153,"category":"electron","message":"app.browser-window-blur","type":"ui"},{"timestamp":1710606796.746,"category":"electron","message":"window.focus","type":"ui","data":{"id":2,"url":"https://discord.com/channels/@me/1048923954317893632"}},{"timestamp":1710606796.747,"category":"electron","message":"app.browser-window-focus","type":"ui"},{"timestamp":1710606797.239,"category":"ui.input","message":"div.markup_a7e664.editor__66464.slateTextArea__0661c.fontSize16Padding__48818[aria-label=\"Message @$\"]"},{"timestamp":1710606805.907,"category":"electron","message":"window.blur","type":"ui","data":{"id":2,"url":"https://discord.com/channels/@me/1048923954317893632"}},{"timestamp":1710606805.908,"category":"electron","message":"app.browser-window-blur","type":"ui"},{"timestamp":1710606806.199,"category":"electron","message":"window.focus","type":"ui","data":{"id":2,"url":"https://discord.com/channels/@me/1048923954317893632"}},{"timestamp":1710606806.199,"category":"electron","message":"app.browser-window-focus","type":"ui"},{"timestamp":1710606806.471,"category":"electron","message":"window.blur","type":"ui","data":{"id":2,"url":"https://discord.com/channels/@me/1048923954317893632"}},{"timestamp":1710606806.472,"category":"electron","message":"app.browser-window-blur","type":"ui"},{"timestamp":1710606806.818,"category":"electron","message":"window.focus","type":"ui","data":{"id":2,"url":"https://discord.com/channels/@me/1048923954317893632"}},{"timestamp":1710606806.818,"category":"electron","message":"app.browser-window-focus","type":"ui"},{"timestamp":1710606807.053,"category":"electron","message":"window.blur","type":"ui","data":{"id":2,"url":"https://discord.com/channels/@me/1048923954317893632"}},{"timestamp":1710606807.053,"category":"electron","message":"app.browser-window-blur","type":"ui"},{"timestamp":1710606807.471,"category":"electron","message":"window.focus","type":"ui","data":{"id":2,"url":"https://discord.com/channels/@me/1048923954317893632"}},{"timestamp":1710606807.471,"category":"electron","message":"app.browser-window-focus","type":"ui"},{"timestamp":1710606807.72,"category":"electron","message":"window.blur","type":"ui","data":{"id":2,"url":"https://discord.com/channels/@me/1048923954317893632"}},{"timestamp":1710606807.72,"category":"electron","message":"app.browser-window-blur","type":"ui"},{"timestamp":1710606807.971,"category":"electron","message":"window.focus","type":"ui","data":{"id":2,"url":"https://discord.com/channels/@me/1048923954317893632"}},{"timestamp":1710606807.971,"category":"electron","message":"app.browser-window-focus","type":"ui"},{"timestamp":1710606808.652,"category":"electron","message":"window.blur","type":"ui","data":{"id":2,"url":"https://discord.com/channels/@me/1048923954317893632"}},{"timestamp":1710606808.653,"category":"electron","message":"app.browser-window-blur","type":"ui"},{"timestamp":1710606809.967,"category":"electron","message":"window.focus","type":"ui","data":{"id":2,"url":"https://discord.com/channels/@me/1048923954317893632"}},{"timestamp":1710606809.967,"category":"electron","message":"app.browser-window-focus","type":"ui"},{"timestamp":1710606810.246,"category":"electron","message":"window.blur","type":"ui","data":{"id":2,"url":"https://discord.com/channels/@me/1048923954317893632"}},{"timestamp":1710606810.246,"category":"electron","message":"app.browser-window-blur","type":"ui"},{"timestamp":1710606810.492,"category":"electron","message":"window.focus","type":"ui","data":{"id":2,"url":"https://discord.com/channels/@me/1048923954317893632"}},{"timestamp":1710606810.492,"category":"electron","message":"app.browser-window-focus","type":"ui"},{"timestamp":1710606817.24,"category":"electron","message":"window.blur","type":"ui","data":{"id":2,"url":"https://discord.com/channels/@me/1048923954317893632"}},{"timestamp":1710606817.24,"category":"electron","message":"app.browser-window-blur","type":"ui"},{"timestamp":1710606823.251,"category":"electron","message":"window.focus","type":"ui","data":{"id":2,"url":"https://discord.com/channels/@me/1048923954317893632"}},{"timestamp":1710606823.251,"category":"electron","message":"app.browser-window-focus","type":"ui"},{"timestamp":1710606823.496,"category":"electron","message":"window.blur","type":"ui","data":{"id":2,"url":"https://discord.com/channels/@me/1048923954317893632"}},{"timestamp":1710606823.496,"category":"electron","message":"app.browser-window-blur","type":"ui"},{"timestamp":1710606880.805,"category":"electron","message":"window.focus","type":"ui","data":{"id":2,"url":"https://discord.com/channels/@me/1048923954317893632"}},{"timestamp":1710606880.805,"category":"electron","message":"app.browser-window-focus","type":"ui"},{"timestamp":1710606882.041,"category":"electron","message":"window.blur","type":"ui","data":{"id":2,"url":"https://discord.com/channels/@me/1048923954317893632"}},{"timestamp":1710606882.041,"category":"electron","message":"app.browser-window-blur","type":"ui"},{"timestamp":1710607246.49,"category":"console","level":"log","message":"Discord 0.0.45"},{"timestamp":1710607246.544,"category":"electron","message":"app.will-finish-launching","type":"ui"},{"timestamp":1710607246.552,"category":"electron","message":"app.ready","type":"ui"},{"timestamp":1710607246.558,"category":"electron","message":"app.session-created","type":"ui"},{"timestamp":1710607246.559,"category":"console","level":"log","message":"Starting app."},{"timestamp":1710607246.561,"category":"console","level":"log","message":"Starting updater."},{"timestamp":1710607246.562,"category":"console","level":"log","message":"2024-03-16T16:40:46.562Z [Modules] Modules initializing"},{"timestamp":1710607246.562,"category":"console","level":"log","message":"2024-03-16T16:40:46.562Z [Modules] Distribution: remote"},{"timestamp":1710607246.562,"category":"console","level":"log","message":"2024-03-16T16:40:46.562Z [Modules] Host updates: enabled"},{"timestamp":1710607246.562,"category":"console","level":"log","message":"2024-03-16T16:40:46.562Z [Modules] Module updates: enabled"},{"timestamp":1710607246.563,"category":"console","level":"log","message":"2024-03-16T16:40:46.563Z [Modules] Module install path: /home/joebiden/.config/discord/0.0.45/modules"},{"timestamp":1710607246.563,"category":"console","level":"log","message":"2024-03-16T16:40:46.563Z [Modules] Module installed file path: /home/joebiden/.config/discord/0.0.45/modules/installed.json"},{"timestamp":1710607246.563,"category":"console","level":"log","message":"2024-03-16T16:40:46.563Z [Modules] Module download path: /home/joebiden/.config/discord/0.0.45/modules/pending"},{"timestamp":1710607246.564,"category":"console","level":"log","message":"splashScreen.initSplash(false)"},{"timestamp":1710607246.568,"category":"electron","message":"app.web-contents-created","type":"ui"},{"timestamp":1710607246.569,"category":"electron","message":"app.browser-window-created","type":"ui"},{"timestamp":1710607246.574,"category":"electron","message":"renderer.load-url","type":"ui","data":{}},{"timestamp":1710607246.575,"category":"console","level":"log","message":"blackbox: 2024-03-16T16:40:46.575Z 0 \n\n----------------------------------------------"},{"timestamp":1710607246.49,"category":"console","level":"log","message":"Discord 0.0.45"},{"timestamp":1710607246.544,"category":"electron","message":"app.will-finish-launching","type":"ui"},{"timestamp":1710607246.552,"category":"electron","message":"app.ready","type":"ui"},{"timestamp":1710607246.558,"category":"electron","message":"app.session-created","type":"ui"},{"timestamp":1710607246.559,"category":"console","level":"log","message":"Starting app."},{"timestamp":1710607246.561,"category":"console","level":"log","message":"Starting updater."},{"timestamp":1710607246.562,"category":"console","level":"log","message":"2024-03-16T16:40:46.562Z [Modules] Modules initializing"},{"timestamp":1710607246.562,"category":"console","level":"log","message":"2024-03-16T16:40:46.562Z [Modules] Distribution: remote"},{"timestamp":1710607246.562,"category":"console","level":"log","message":"2024-03-16T16:40:46.562Z [Modules] Host updates: enabled"},{"timestamp":1710607246.562,"category":"console","level":"log","message":"2024-03-16T16:40:46.562Z [Modules] Module updates: enabled"},{"timestamp":1710607246.563,"category":"console","level":"log","message":"2024-03-16T16:40:46.563Z [Modules] Module install path: /home/joebiden/.config/discord/0.0.45/modules"},{"timestamp":1710607246.563,"category":"console","level":"log","message":"2024-03-16T16:40:46.563Z [Modules] Module installed file path: /home/joebiden/.config/discord/0.0.45/modules/installed.json"},{"timestamp":1710607246.563,"category":"console","level":"log","message":"2024-03-16T16:40:46.563Z [Modules] Module download path: /home/joebiden/.config/discord/0.0.45/modules/pending"},{"timestamp":1710607246.564,"category":"console","level":"log","message":"splashScreen.initSplash(false)"},{"timestamp":1710607246.568,"category":"electron","message":"app.web-contents-created","type":"ui"},{"timestamp":1710607246.569,"category":"electron","message":"app.browser-window-created","type":"ui"},{"timestamp":1710607246.574,"category":"electron","message":"renderer.load-url","type":"ui","data":{}},{"timestamp":1710607246.575,"category":"console","level":"log","message":"blackbox: 2024-03-16T16:40:46.575Z 0 \n\n----------------------------------------------"}],"modules":{"mkdirp":"0.5.5","rimraf":"2.7.1","glob":"7.1.7","fs.realpath":"1.0.0","minimatch":"3.1.2","brace-expansion":"1.1.11","concat-map":"0.0.1","balanced-match":"1.0.2","inherits":"2.0.4","path-is-absolute":"1.0.1","inflight":"1.0.6","wrappy":"1.0.2","once":"1.4.0","yauzl":"2.10.0","fd-slicer":"1.1.0","pend":"1.2.0","buffer-crc32":"0.2.13","request":"2.88.0","extend":"3.0.2","tough-cookie":"2.4.3","psl":"1.8.0","json-stringify-safe":"5.0.1","safe-buffer":"5.2.1","aws-sign2":"0.7.0","aws4":"1.11.0","http-signature":"1.2.0","assert-plus":"1.0.0","sshpk":"1.16.1","safer-buffer":"2.1.2","asn1":"0.2.4","ecc-jsbn":"0.1.2","jsbn":"0.1.1","tweetnacl":"0.14.5","jsprim":"1.4.1","extsprintf":"1.3.0","verror":"1.10.0","core-util-is":"1.0.2","json-schema":"0.2.3","mime-types":"2.1.32","mime-db":"1.49.0","caseless":"0.12.0","forever-agent":"0.6.1","form-data":"2.3.3","combined-stream":"1.0.8","delayed-stream":"1.0.0","asynckit":"0.4.0","isstream":"0.1.2","is-typedarray":"1.0.0","qs":"6.5.3","har-validator":"5.1.5","ajv":"6.12.6","uri-js":"4.4.1","fast-deep-equal":"3.1.3","json-schema-traverse":"0.4.1","fast-json-stable-stringify":"2.1.0","har-schema":"2.0.0","uuid":"3.4.0","oauth-sign":"0.9.0","tunnel-agent":"0.6.0","performance-now":"2.1.0","arch":"2.2.0","https-proxy-agent":"5.0.1","ms":"2.1.2","agent-base":"6.0.2","lru_map":"0.3.3","cookie":"0.5.0","deepmerge":"4.3.0"},"event_id":"b0a5f99c2941446fa8ba378865cef3c3","timestamp":1710607246.606,"extra":{"release_channel":"stable","sentry":{"environment":"stable","release":"0.0.45"},"wm":"Hyprland,unknown","distro":"\"Arch Linux\""}}
2024-03-16T16:40:46.787Z 6: ✅ webContents.did-finish-load web1
2024-03-16T16:40:47.007Z 7: ✅ webContents.created web2 ""
2024-03-16T16:40:47.012Z 8: ✅ window.created win2 "Discord"
2024-03-16T16:40:48.820Z 9: ✅ webContents.did-finish-load web2
2024-03-16T16:40:48.919Z 10: window.close win1
2024-03-16T16:40:48.926Z 11: webContents.destroyed web1
2024-03-16T16:40:48.929Z 12: window.closed win1
2024-03-16T16:44:49.814Z 13: ✅ webContents.did-finish-load web2
2024-03-16T16:54:21.751Z 0: 

----------------------------------------------
2024-03-16T16:54:21.829Z 1: Discord starting: {"releaseChannel":"stable","version":"0.0.45"}, modulepath: /home/joebiden/.config/discord/0.0.45/modules
2024-03-16T16:54:21.837Z 2: ✅ webContents.created web1 ""
2024-03-16T16:54:21.962Z 3: ✅ window.created win1 "discord"
2024-03-16T16:54:22.413Z 4: ✅ webContents.did-finish-load web1
2024-03-16T16:54:22.788Z 5: ✅ webContents.created web2 ""
2024-03-16T16:54:22.797Z 6: ✅ window.created win2 "Discord"
2024-03-16T16:54:25.536Z 7: ✅ webContents.did-finish-load web2
2024-03-16T16:54:25.634Z 8: window.close win1
2024-03-16T16:54:25.658Z 9: webContents.destroyed web1
2024-03-16T16:54:25.672Z 10: window.closed win1
2024-03-16T17:02:22.032Z 11: before-quit
2024-03-16T17:02:57.763Z 0: 

----------------------------------------------
2024-03-16T17:02:58.026Z 1: Discord starting: {"releaseChannel":"stable","version":"0.0.45"}, modulepath: /home/joebiden/.config/discord/0.0.45/modules
2024-03-16T17:02:58.134Z 2: ✅ webContents.created web1 ""
2024-03-16T17:02:58.147Z 3: ✅ window.created win1 "discord"
2024-03-16T17:02:58.496Z 4: ✅ webContents.did-finish-load web1
2024-03-16T17:02:59.641Z 5: ✅ webContents.created web2 ""
2024-03-16T17:02:59.657Z 6: ✅ window.created win2 "Discord"
2024-03-16T17:03:13.977Z 7: ✅ webContents.did-finish-load web2
2024-03-16T17:03:14.076Z 8: window.close win1
2024-03-16T17:03:14.163Z 9: webContents.destroyed web1
2024-03-16T17:03:14.169Z 10: window.closed win1
2024-03-16T18:42:02.235Z 0: 

----------------------------------------------
2024-03-16T18:42:02.477Z 1: Discord starting: {"releaseChannel":"stable","version":"0.0.45"}, modulepath: /home/joebiden/.config/discord/0.0.45/modules
2024-03-16T18:42:02.531Z 2: ✅ webContents.created web1 "index.html"
2024-03-16T18:42:02.542Z 3: ✅ window.created win1 "discord"
2024-03-16T18:42:02.826Z 4: ✅ webContents.did-finish-load web1
2024-03-16T18:42:03.705Z 5: ✅ webContents.created web2 ""
2024-03-16T18:42:03.713Z 6: ✅ window.created win2 "Discord"
2024-03-16T18:42:06.432Z 7: ✅ webContents.did-finish-load web2
2024-03-16T18:42:06.532Z 8: window.close win1
2024-03-16T18:42:06.538Z 9: webContents.destroyed web1
2024-03-16T18:42:06.550Z 10: window.closed win1
2024-03-17T00:57:34.478Z 11: before-quit
2024-03-17T12:33:02.626Z 0: 

----------------------------------------------
2024-03-17T12:33:02.839Z 1: Discord starting: {"releaseChannel":"stable","version":"0.0.45"}, modulepath: /home/joebiden/.config/discord/0.0.45/modules
2024-03-17T12:33:02.901Z 2: ✅ webContents.created web1 ""
2024-03-17T12:33:03.037Z 3: ✅ window.created win1 "discord"
2024-03-17T12:33:03.218Z 4: ✅ webContents.did-finish-load web1
2024-03-17T12:33:03.752Z 5: ✅ webContents.created web2 ""
2024-03-17T12:33:03.770Z 6: ✅ window.created win2 "Discord"
2024-03-17T12:33:06.667Z 7: ✅ webContents.did-finish-load web2
2024-03-17T12:33:06.767Z 8: window.close win1
2024-03-17T12:33:06.795Z 9: webContents.destroyed web1
2024-03-17T12:33:06.801Z 10: window.closed win1
