
2024/10/18 (14:51:50) | ===> btop++ v.1.4.0
2024/10/18 (14:51:50) | WARNING: ROCm SMI: Failed to get maximum GPU temperature, defaulting to 110°C
2024/10/18 (14:51:50) | WARNING: ROCm SMI: Failed to get GPU power usage

2024/10/18 (14:51:53) | ===> btop++ v.1.4.0
2024/10/18 (14:51:53) | WARNING: ROCm SMI: Failed to get maximum GPU temperature, defaulting to 110°C
2024/10/18 (14:51:53) | WARNING: ROCm SMI: Failed to get GPU power usage

2024/10/24 (12:02:17) | ===> btop++ v.1.4.0
2024/10/24 (12:02:17) | WARNING: ROCm SMI: Failed to get maximum GPU temperature, defaulting to 110°C
2024/10/24 (12:02:17) | WARNING: ROCm SMI: Failed to get GPU power usage

2024/10/24 (12:02:20) | ===> btop++ v.1.4.0
2024/10/24 (12:02:20) | WARNING: ROCm SMI: Failed to get maximum GPU temperature, defaulting to 110°C
2024/10/24 (12:02:20) | WARNING: ROCm SMI: Failed to get GPU power usage

2024/10/25 (09:00:46) | ===> btop++ v.1.4.0
2024/10/25 (09:00:46) | WARNING: ROCm SMI: Failed to get maximum GPU temperature, defaulting to 110°C
2024/10/25 (09:00:46) | WARNING: ROCm SMI: Failed to get GPU power usage

2024/10/26 (17:42:11) | ===> btop++ v.1.4.0
2024/10/26 (17:42:11) | WARNING: ROCm SMI: Failed to get maximum GPU temperature, defaulting to 110°C
2024/10/26 (17:42:11) | WARNING: ROCm SMI: Failed to get GPU power usage

2024/10/26 (21:59:10) | ===> btop++ v.1.4.0
2024/10/26 (21:59:10) | WARNING: ROCm SMI: Failed to get maximum GPU temperature, defaulting to 110°C
2024/10/26 (21:59:10) | WARNING: ROCm SMI: Failed to get GPU power usage

2024/10/27 (16:58:33) | ===> btop++ v.1.4.0
2024/10/27 (16:58:33) | WARNING: ROCm SMI: Failed to get maximum GPU temperature, defaulting to 110°C
2024/10/27 (16:58:33) | WARNING: ROCm SMI: Failed to get GPU power usage

2024/10/27 (16:59:42) | ===> btop++ v.1.4.0
2024/10/27 (16:59:42) | WARNING: ROCm SMI: Failed to get maximum GPU temperature, defaulting to 110°C
2024/10/27 (16:59:42) | WARNING: ROCm SMI: Failed to get GPU power usage

2024/10/27 (16:59:43) | ===> btop++ v.1.4.0
2024/10/27 (16:59:43) | WARNING: ROCm SMI: Failed to get maximum GPU temperature, defaulting to 110°C
2024/10/27 (16:59:43) | WARNING: ROCm SMI: Failed to get GPU power usage

2024/10/27 (17:01:25) | ===> btop++ v.1.4.0
2024/10/27 (17:01:25) | WARNING: ROCm SMI: Failed to get maximum GPU temperature, defaulting to 110°C
2024/10/27 (17:01:25) | WARNING: ROCm SMI: Failed to get GPU power usage

2024/10/27 (17:02:57) | ===> btop++ v.1.4.0
2024/10/27 (17:02:57) | WARNING: ROCm SMI: Failed to get maximum GPU temperature, defaulting to 110°C
2024/10/27 (17:02:57) | WARNING: ROCm SMI: Failed to get GPU power usage

2024/10/28 (07:54:54) | ===> btop++ v.1.4.0
2024/10/28 (07:54:54) | WARNING: ROCm SMI: Failed to get maximum GPU temperature, defaulting to 110°C
2024/10/28 (07:54:54) | WARNING: ROCm SMI: Failed to get GPU power usage

2024/10/28 (07:54:55) | ===> btop++ v.1.4.0
2024/10/28 (07:54:55) | WARNING: ROCm SMI: Failed to get maximum GPU temperature, defaulting to 110°C
2024/10/28 (07:54:55) | WARNING: ROCm SMI: Failed to get GPU power usage

2024/10/28 (11:26:22) | ===> btop++ v.1.4.0
2024/10/28 (11:26:22) | WARNING: ROCm SMI: Failed to get maximum GPU temperature, defaulting to 110°C
2024/10/28 (11:26:22) | WARNING: ROCm SMI: Failed to get GPU power usage

2024/10/28 (11:32:23) | ===> btop++ v.1.4.0
2024/10/28 (11:32:23) | WARNING: ROCm SMI: Failed to get maximum GPU temperature, defaulting to 110°C
2024/10/28 (11:32:23) | WARNING: ROCm SMI: Failed to get GPU power usage

2024/10/29 (11:45:44) | ===> btop++ v.1.4.0
2024/10/29 (11:45:44) | WARNING: ROCm SMI: Failed to get maximum GPU temperature, defaulting to 110°C
2024/10/29 (11:45:44) | WARNING: ROCm SMI: Failed to get GPU power usage

2024/10/30 (11:29:05) | ===> btop++ v.1.4.0
2024/10/30 (11:29:05) | WARNING: ROCm SMI: Failed to get maximum GPU temperature, defaulting to 110°C
2024/10/30 (11:29:05) | WARNING: ROCm SMI: Failed to get GPU power usage

2024/10/30 (14:35:20) | ===> btop++ v.1.4.0
2024/10/30 (14:35:20) | WARNING: ROCm SMI: Failed to get maximum GPU temperature, defaulting to 110°C
2024/10/30 (14:35:20) | WARNING: ROCm SMI: Failed to get GPU power usage

2024/10/30 (14:35:24) | ===> btop++ v.1.4.0
2024/10/30 (14:35:24) | WARNING: ROCm SMI: Failed to get maximum GPU temperature, defaulting to 110°C
2024/10/30 (14:35:24) | WARNING: ROCm SMI: Failed to get GPU power usage

2024/10/30 (14:55:45) | ===> btop++ v.1.4.0
2024/10/30 (14:55:45) | WARNING: ROCm SMI: Failed to get maximum GPU temperature, defaulting to 110°C
2024/10/30 (14:55:45) | WARNING: ROCm SMI: Failed to get GPU power usage

2024/10/31 (16:22:59) | ===> btop++ v.1.4.0
2024/10/31 (16:22:59) | WARNING: ROCm SMI: Failed to get maximum GPU temperature, defaulting to 110°C
2024/10/31 (16:22:59) | WARNING: ROCm SMI: Failed to get GPU power usage

2024/11/02 (09:42:14) | ===> btop++ v.1.4.0
2024/11/02 (09:42:14) | WARNING: ROCm SMI: Failed to get maximum GPU temperature, defaulting to 110°C
2024/11/02 (09:42:14) | WARNING: ROCm SMI: Failed to get GPU power usage

2024/11/04 (15:16:45) | ===> btop++ v.1.4.0
2024/11/04 (15:16:45) | WARNING: ROCm SMI: Failed to get maximum GPU temperature, defaulting to 110°C
2024/11/04 (15:16:45) | WARNING: ROCm SMI: Failed to get GPU power usage

2024/11/04 (15:16:50) | ===> btop++ v.1.4.0
2024/11/04 (15:16:50) | WARNING: ROCm SMI: Failed to get maximum GPU temperature, defaulting to 110°C
2024/11/04 (15:16:50) | WARNING: ROCm SMI: Failed to get GPU power usage

2024/11/05 (12:53:18) | ===> btop++ v.1.4.0
2024/11/05 (12:53:18) | WARNING: ROCm SMI: Failed to get maximum GPU temperature, defaulting to 110°C
2024/11/05 (12:53:18) | WARNING: ROCm SMI: Failed to get GPU power usage

2024/11/05 (14:35:49) | ===> btop++ v.1.4.0
2024/11/05 (14:35:49) | WARNING: ROCm SMI: Failed to get maximum GPU temperature, defaulting to 110°C
2024/11/05 (14:35:49) | WARNING: ROCm SMI: Failed to get GPU power usage

2024/11/05 (15:26:17) | ===> btop++ v.1.4.0
2024/11/05 (15:26:17) | WARNING: ROCm SMI: Failed to get maximum GPU temperature, defaulting to 110°C
2024/11/05 (15:26:17) | WARNING: ROCm SMI: Failed to get GPU power usage

2024/11/08 (15:10:21) | ===> btop++ v.1.4.0
2024/11/08 (15:10:21) | WARNING: ROCm SMI: Failed to get maximum GPU temperature, defaulting to 110°C
2024/11/08 (15:10:21) | WARNING: ROCm SMI: Failed to get GPU power usage

2024/11/08 (15:19:14) | ===> btop++ v.1.4.0
2024/11/08 (15:19:14) | WARNING: ROCm SMI: Failed to get maximum GPU temperature, defaulting to 110°C
2024/11/08 (15:19:14) | WARNING: ROCm SMI: Failed to get GPU power usage

2024/11/08 (18:53:09) | ===> btop++ v.1.4.0
2024/11/08 (18:53:09) | WARNING: ROCm SMI: Failed to get maximum GPU temperature, defaulting to 110°C
2024/11/08 (18:53:09) | WARNING: ROCm SMI: Failed to get GPU power usage

2024/11/09 (19:10:51) | ===> btop++ v.1.4.0
2024/11/09 (19:10:51) | WARNING: ROCm SMI: Failed to get maximum GPU temperature, defaulting to 110°C
2024/11/09 (19:10:51) | WARNING: ROCm SMI: Failed to get GPU power usage

2024/11/10 (09:53:43) | ===> btop++ v.1.4.0
2024/11/10 (09:53:43) | WARNING: ROCm SMI: Failed to get maximum GPU temperature, defaulting to 110°C
2024/11/10 (09:53:43) | WARNING: ROCm SMI: Failed to get GPU power usage

2024/11/10 (12:13:32) | ===> btop++ v.1.4.0
2024/11/10 (12:13:32) | WARNING: ROCm SMI: Failed to get maximum GPU temperature, defaulting to 110°C
2024/11/10 (12:13:32) | WARNING: ROCm SMI: Failed to get GPU power usage

2024/11/10 (14:04:18) | ===> btop++ v.1.4.0
2024/11/10 (14:04:18) | WARNING: ROCm SMI: Failed to get maximum GPU temperature, defaulting to 110°C
2024/11/10 (14:04:18) | WARNING: ROCm SMI: Failed to get GPU power usage

2024/11/10 (22:18:41) | ===> btop++ v.1.4.0
2024/11/10 (22:18:41) | WARNING: ROCm SMI: Failed to get maximum GPU temperature, defaulting to 110°C
2024/11/10 (22:18:41) | WARNING: ROCm SMI: Failed to get GPU power usage

2024/11/11 (17:07:46) | ===> btop++ v.1.4.0
2024/11/11 (17:07:46) | WARNING: ROCm SMI: Failed to get maximum GPU temperature, defaulting to 110°C
2024/11/11 (17:07:46) | WARNING: ROCm SMI: Failed to get GPU power usage

2024/11/15 (09:49:03) | ===> btop++ v.1.4.0
2024/11/15 (09:49:03) | WARNING: ROCm SMI: Failed to get maximum GPU temperature, defaulting to 110°C
2024/11/15 (09:49:03) | WARNING: ROCm SMI: Failed to get GPU power usage

2024/11/15 (10:03:07) | ===> btop++ v.1.4.0
2024/11/15 (10:03:07) | WARNING: ROCm SMI: Failed to get maximum GPU temperature, defaulting to 110°C
2024/11/15 (10:03:07) | WARNING: ROCm SMI: Failed to get GPU power usage

2024/11/15 (12:20:47) | ===> btop++ v.1.4.0
2024/11/15 (12:20:47) | WARNING: ROCm SMI: Failed to get maximum GPU temperature, defaulting to 110°C
2024/11/15 (12:20:47) | WARNING: ROCm SMI: Failed to get GPU power usage

2024/11/15 (12:21:15) | ===> btop++ v.1.4.0
2024/11/15 (12:21:15) | WARNING: ROCm SMI: Failed to get maximum GPU temperature, defaulting to 110°C
2024/11/15 (12:21:15) | WARNING: ROCm SMI: Failed to get GPU power usage

2024/11/15 (12:21:22) | ===> btop++ v.1.4.0
2024/11/15 (12:21:22) | WARNING: ROCm SMI: Failed to get maximum GPU temperature, defaulting to 110°C
2024/11/15 (12:21:22) | WARNING: ROCm SMI: Failed to get GPU power usage

2024/11/15 (17:47:41) | ===> btop++ v.1.4.0
2024/11/15 (17:47:41) | WARNING: ROCm SMI: Failed to get maximum GPU temperature, defaulting to 110°C
2024/11/15 (17:47:41) | WARNING: ROCm SMI: Failed to get GPU power usage

2024/11/15 (22:38:24) | ===> btop++ v.1.4.0
2024/11/15 (22:38:24) | WARNING: ROCm SMI: Failed to get maximum GPU temperature, defaulting to 110°C
2024/11/15 (22:38:24) | WARNING: ROCm SMI: Failed to get GPU power usage

2024/11/16 (09:40:11) | ===> btop++ v.1.4.0
2024/11/16 (09:40:11) | WARNING: ROCm SMI: Failed to get maximum GPU temperature, defaulting to 110°C
2024/11/16 (09:40:11) | WARNING: ROCm SMI: Failed to get GPU power usage

2024/11/16 (14:47:25) | ===> btop++ v.1.4.0
2024/11/16 (14:47:25) | WARNING: ROCm SMI: Failed to get maximum GPU temperature, defaulting to 110°C
2024/11/16 (14:47:25) | WARNING: ROCm SMI: Failed to get GPU power usage

2024/11/16 (14:57:32) | ===> btop++ v.1.4.0
2024/11/16 (14:57:32) | WARNING: ROCm SMI: Failed to get maximum GPU temperature, defaulting to 110°C
2024/11/16 (14:57:32) | WARNING: ROCm SMI: Failed to get GPU power usage

2024/11/17 (09:27:49) | ===> btop++ v.1.4.0
2024/11/17 (09:27:49) | WARNING: ROCm SMI: Failed to get maximum GPU temperature, defaulting to 110°C
2024/11/17 (09:27:49) | WARNING: ROCm SMI: Failed to get GPU power usage

2024/11/17 (15:21:50) | ===> btop++ v.1.4.0
2024/11/17 (15:21:50) | WARNING: ROCm SMI: Failed to get maximum GPU temperature, defaulting to 110°C
2024/11/17 (15:21:50) | WARNING: ROCm SMI: Failed to get GPU power usage

2024/11/17 (15:21:52) | ===> btop++ v.1.4.0
2024/11/17 (15:21:52) | WARNING: ROCm SMI: Failed to get maximum GPU temperature, defaulting to 110°C
2024/11/17 (15:21:52) | WARNING: ROCm SMI: Failed to get GPU power usage

2024/11/17 (15:21:54) | ===> btop++ v.1.4.0
2024/11/17 (15:21:54) | WARNING: ROCm SMI: Failed to get maximum GPU temperature, defaulting to 110°C
2024/11/17 (15:21:54) | WARNING: ROCm SMI: Failed to get GPU power usage

2024/11/17 (15:22:03) | ===> btop++ v.1.4.0
2024/11/17 (15:22:03) | WARNING: ROCm SMI: Failed to get maximum GPU temperature, defaulting to 110°C
2024/11/17 (15:22:03) | WARNING: ROCm SMI: Failed to get GPU power usage

2024/11/17 (15:23:02) | ===> btop++ v.1.4.0
2024/11/17 (15:23:02) | WARNING: ROCm SMI: Failed to get maximum GPU temperature, defaulting to 110°C
2024/11/17 (15:23:02) | WARNING: ROCm SMI: Failed to get GPU power usage

2024/11/17 (15:23:17) | ===> btop++ v.1.4.0
2024/11/17 (15:23:17) | WARNING: ROCm SMI: Failed to get maximum GPU temperature, defaulting to 110°C
2024/11/17 (15:23:17) | WARNING: ROCm SMI: Failed to get GPU power usage

2024/11/17 (15:23:21) | ===> btop++ v.1.4.0
2024/11/17 (15:23:21) | WARNING: ROCm SMI: Failed to get maximum GPU temperature, defaulting to 110°C
2024/11/17 (15:23:21) | WARNING: ROCm SMI: Failed to get GPU power usage

2024/11/17 (15:24:27) | ===> btop++ v.1.4.0
2024/11/17 (15:24:27) | WARNING: ROCm SMI: Failed to get maximum GPU temperature, defaulting to 110°C
2024/11/17 (15:24:27) | WARNING: ROCm SMI: Failed to get GPU power usage

2024/11/17 (15:24:31) | ===> btop++ v.1.4.0
2024/11/17 (15:24:31) | WARNING: ROCm SMI: Failed to get maximum GPU temperature, defaulting to 110°C
2024/11/17 (15:24:31) | WARNING: ROCm SMI: Failed to get GPU power usage

2024/11/17 (15:27:05) | ===> btop++ v.1.4.0
2024/11/17 (15:27:05) | WARNING: ROCm SMI: Failed to get maximum GPU temperature, defaulting to 110°C
2024/11/17 (15:27:05) | WARNING: ROCm SMI: Failed to get GPU power usage

2024/11/17 (19:28:48) | ===> btop++ v.1.4.0
2024/11/17 (19:28:48) | WARNING: ROCm SMI: Failed to get maximum GPU temperature, defaulting to 110°C
2024/11/17 (19:28:48) | WARNING: ROCm SMI: Failed to get GPU power usage

2024/11/18 (11:03:01) | ===> btop++ v.1.4.0
2024/11/18 (11:03:01) | WARNING: ROCm SMI: Failed to get maximum GPU temperature, defaulting to 110°C
2024/11/18 (11:03:01) | WARNING: ROCm SMI: Failed to get GPU power usage

2024/11/18 (20:42:09) | ===> btop++ v.1.4.0
2024/11/18 (20:42:09) | WARNING: ROCm SMI: Failed to get maximum GPU temperature, defaulting to 110°C
2024/11/18 (20:42:09) | WARNING: ROCm SMI: Failed to get GPU power usage

2024/11/18 (20:42:12) | ===> btop++ v.1.4.0
2024/11/18 (20:42:12) | WARNING: ROCm SMI: Failed to get maximum GPU temperature, defaulting to 110°C
2024/11/18 (20:42:12) | WARNING: ROCm SMI: Failed to get GPU power usage

2024/11/19 (12:31:42) | ===> btop++ v.1.4.0
2024/11/19 (12:31:42) | WARNING: ROCm SMI: Failed to get maximum GPU temperature, defaulting to 110°C
2024/11/19 (12:31:42) | WARNING: ROCm SMI: Failed to get GPU power usage

2024/11/21 (13:32:59) | ===> btop++ v.1.4.0
2024/11/21 (13:32:59) | WARNING: ROCm SMI: Failed to get maximum GPU temperature, defaulting to 110°C
2024/11/21 (13:32:59) | WARNING: ROCm SMI: Failed to get GPU power usage

2024/11/21 (15:55:08) | ===> btop++ v.1.4.0
2024/11/21 (15:55:08) | WARNING: ROCm SMI: Failed to get maximum GPU temperature, defaulting to 110°C
2024/11/21 (15:55:08) | WARNING: ROCm SMI: Failed to get GPU power usage

2024/11/24 (11:20:06) | ===> btop++ v.1.4.0
2024/11/24 (11:20:06) | WARNING: ROCm SMI: Failed to get maximum GPU temperature, defaulting to 110°C
2024/11/24 (11:20:06) | WARNING: ROCm SMI: Failed to get GPU power usage

2024/11/24 (17:58:23) | ===> btop++ v.1.4.0
2024/11/24 (17:58:23) | WARNING: ROCm SMI: Failed to get maximum GPU temperature, defaulting to 110°C
2024/11/24 (17:58:23) | WARNING: ROCm SMI: Failed to get GPU power usage

2024/11/24 (18:00:21) | ===> btop++ v.1.4.0
2024/11/24 (18:00:21) | WARNING: ROCm SMI: Failed to get maximum GPU temperature, defaulting to 110°C
2024/11/24 (18:00:21) | WARNING: ROCm SMI: Failed to get GPU power usage

2024/11/25 (22:43:34) | ===> btop++ v.1.4.0
2024/11/25 (22:43:34) | WARNING: ROCm SMI: Failed to get maximum GPU temperature, defaulting to 110°C
2024/11/25 (22:43:34) | WARNING: ROCm SMI: Failed to get GPU power usage

2024/11/26 (17:42:17) | ===> btop++ v.1.4.0
2024/11/26 (17:42:17) | WARNING: ROCm SMI: Failed to get maximum GPU temperature, defaulting to 110°C
2024/11/26 (17:42:17) | WARNING: ROCm SMI: Failed to get GPU power usage

2024/11/27 (06:07:55) | ===> btop++ v.1.4.0
2024/11/27 (06:07:55) | WARNING: ROCm SMI: Failed to get maximum GPU temperature, defaulting to 110°C
2024/11/27 (06:07:55) | WARNING: ROCm SMI: Failed to get GPU power usage

2024/11/28 (19:58:22) | ===> btop++ v.1.4.0
2024/11/28 (19:58:22) | WARNING: ROCm SMI: Failed to get maximum GPU temperature, defaulting to 110°C
2024/11/28 (19:58:22) | WARNING: ROCm SMI: Failed to get GPU power usage

2024/11/28 (19:58:31) | ===> btop++ v.1.4.0
2024/11/28 (19:58:31) | WARNING: ROCm SMI: Failed to get maximum GPU temperature, defaulting to 110°C
2024/11/28 (19:58:31) | WARNING: ROCm SMI: Failed to get GPU power usage

2024/11/28 (19:59:44) | ===> btop++ v.1.4.0
2024/11/28 (19:59:44) | WARNING: ROCm SMI: Failed to get maximum GPU temperature, defaulting to 110°C
2024/11/28 (19:59:44) | WARNING: ROCm SMI: Failed to get GPU power usage

2024/11/28 (20:00:15) | ===> btop++ v.1.4.0
2024/11/28 (20:00:15) | WARNING: ROCm SMI: Failed to get maximum GPU temperature, defaulting to 110°C
2024/11/28 (20:00:15) | WARNING: ROCm SMI: Failed to get GPU power usage

2024/11/28 (20:01:21) | ===> btop++ v.1.4.0
2024/11/28 (20:01:21) | WARNING: ROCm SMI: Failed to get maximum GPU temperature, defaulting to 110°C
2024/11/28 (20:01:21) | WARNING: ROCm SMI: Failed to get GPU power usage

2024/11/28 (20:06:22) | ===> btop++ v.1.4.0
2024/11/28 (20:06:22) | WARNING: ROCm SMI: Failed to get maximum GPU temperature, defaulting to 110°C
2024/11/28 (20:06:22) | WARNING: ROCm SMI: Failed to get GPU power usage

2024/11/28 (20:06:34) | ===> btop++ v.1.4.0
2024/11/28 (20:06:34) | WARNING: ROCm SMI: Failed to get maximum GPU temperature, defaulting to 110°C
2024/11/28 (20:06:34) | WARNING: ROCm SMI: Failed to get GPU power usage

2024/11/28 (20:07:58) | ===> btop++ v.1.4.0
2024/11/28 (20:07:58) | WARNING: ROCm SMI: Failed to get maximum GPU temperature, defaulting to 110°C
2024/11/28 (20:07:58) | WARNING: ROCm SMI: Failed to get GPU power usage

2024/11/28 (21:06:26) | ===> btop++ v.1.4.0
2024/11/28 (21:06:26) | WARNING: ROCm SMI: Failed to get maximum GPU temperature, defaulting to 110°C
2024/11/28 (21:06:26) | WARNING: ROCm SMI: Failed to get GPU power usage

2024/11/28 (21:20:51) | ===> btop++ v.1.4.0
2024/11/28 (21:20:51) | WARNING: ROCm SMI: Failed to get maximum GPU temperature, defaulting to 110°C
2024/11/28 (21:20:51) | WARNING: ROCm SMI: Failed to get GPU power usage

2024/11/28 (21:20:53) | ===> btop++ v.1.4.0
2024/11/28 (21:20:53) | WARNING: ROCm SMI: Failed to get maximum GPU temperature, defaulting to 110°C
2024/11/28 (21:20:53) | WARNING: ROCm SMI: Failed to get GPU power usage

2024/11/28 (21:20:58) | ===> btop++ v.1.4.0
2024/11/28 (21:20:58) | WARNING: ROCm SMI: Failed to get maximum GPU temperature, defaulting to 110°C
2024/11/28 (21:20:58) | WARNING: ROCm SMI: Failed to get GPU power usage

2024/11/28 (21:21:00) | ===> btop++ v.1.4.0
2024/11/28 (21:21:00) | WARNING: ROCm SMI: Failed to get maximum GPU temperature, defaulting to 110°C
2024/11/28 (21:21:00) | WARNING: ROCm SMI: Failed to get GPU power usage

2024/11/28 (21:21:11) | ===> btop++ v.1.4.0
2024/11/28 (21:21:11) | WARNING: ROCm SMI: Failed to get maximum GPU temperature, defaulting to 110°C
2024/11/28 (21:21:11) | WARNING: ROCm SMI: Failed to get GPU power usage

2024/11/28 (21:21:20) | ===> btop++ v.1.4.0
2024/11/28 (21:21:20) | WARNING: ROCm SMI: Failed to get maximum GPU temperature, defaulting to 110°C
2024/11/28 (21:21:20) | WARNING: ROCm SMI: Failed to get GPU power usage

2024/11/28 (21:21:25) | ===> btop++ v.1.4.0
2024/11/28 (21:21:25) | WARNING: ROCm SMI: Failed to get maximum GPU temperature, defaulting to 110°C
2024/11/28 (21:21:25) | WARNING: ROCm SMI: Failed to get GPU power usage
2024/11/28 (21:21:26) | ERROR: Couldn't determine terminal size of "STDOUT_FILENO"!
2024/11/28 (21:21:26) | ERROR: Couldn't determine terminal size of "/dev/tty"!

2024/11/28 (21:21:56) | ===> btop++ v.1.4.0
2024/11/28 (21:21:56) | WARNING: ROCm SMI: Failed to get maximum GPU temperature, defaulting to 110°C
2024/11/28 (21:21:56) | WARNING: ROCm SMI: Failed to get GPU power usage

2024/11/28 (21:21:57) | ===> btop++ v.1.4.0
2024/11/28 (21:21:57) | WARNING: ROCm SMI: Failed to get maximum GPU temperature, defaulting to 110°C
2024/11/28 (21:21:57) | WARNING: ROCm SMI: Failed to get GPU power usage

2024/11/28 (21:22:03) | ===> btop++ v.1.4.0
2024/11/28 (21:22:03) | WARNING: ROCm SMI: Failed to get maximum GPU temperature, defaulting to 110°C
2024/11/28 (21:22:03) | WARNING: ROCm SMI: Failed to get GPU power usage

2024/11/28 (21:22:04) | ===> btop++ v.1.4.0
2024/11/28 (21:22:04) | WARNING: ROCm SMI: Failed to get maximum GPU temperature, defaulting to 110°C
2024/11/28 (21:22:04) | WARNING: ROCm SMI: Failed to get GPU power usage

2024/11/28 (21:22:05) | ===> btop++ v.1.4.0
2024/11/28 (21:22:05) | WARNING: ROCm SMI: Failed to get maximum GPU temperature, defaulting to 110°C
2024/11/28 (21:22:05) | WARNING: ROCm SMI: Failed to get GPU power usage

2024/11/28 (21:22:10) | ===> btop++ v.1.4.0
2024/11/28 (21:22:10) | WARNING: ROCm SMI: Failed to get maximum GPU temperature, defaulting to 110°C
2024/11/28 (21:22:10) | WARNING: ROCm SMI: Failed to get GPU power usage

2024/11/29 (19:15:16) | ===> btop++ v.1.4.0
2024/11/29 (19:15:16) | WARNING: ROCm SMI: Failed to get maximum GPU temperature, defaulting to 110°C
2024/11/29 (19:15:16) | WARNING: ROCm SMI: Failed to get GPU power usage

2024/12/01 (17:50:44) | ===> btop++ v.1.4.0
2024/12/01 (17:50:44) | WARNING: ROCm SMI: Failed to get maximum GPU temperature, defaulting to 110°C
2024/12/01 (17:50:44) | WARNING: ROCm SMI: Failed to get GPU power usage

2024/12/01 (18:44:12) | ===> btop++ v.1.4.0
2024/12/01 (18:44:12) | WARNING: ROCm SMI: Failed to get maximum GPU temperature, defaulting to 110°C
2024/12/01 (18:44:12) | WARNING: ROCm SMI: Failed to get GPU power usage

2024/12/01 (21:05:37) | ===> btop++ v.1.4.0
2024/12/01 (21:05:37) | WARNING: ROCm SMI: Failed to get maximum GPU temperature, defaulting to 110°C
2024/12/01 (21:05:37) | WARNING: ROCm SMI: Failed to get GPU power usage

2024/12/02 (08:31:05) | ===> btop++ v.1.4.0
2024/12/02 (08:31:05) | WARNING: ROCm SMI: Failed to get maximum GPU temperature, defaulting to 110°C
2024/12/02 (08:31:05) | WARNING: ROCm SMI: Failed to get GPU power usage

2024/12/03 (15:07:22) | ===> btop++ v.1.4.0
2024/12/03 (15:07:22) | WARNING: ROCm SMI: Failed to get maximum GPU temperature, defaulting to 110°C
2024/12/03 (15:07:22) | WARNING: ROCm SMI: Failed to get GPU power usage

2024/12/03 (22:38:40) | ===> btop++ v.1.4.0
2024/12/03 (22:38:40) | WARNING: ROCm SMI: Failed to get maximum GPU temperature, defaulting to 110°C
2024/12/03 (22:38:40) | WARNING: ROCm SMI: Failed to get GPU power usage

2024/12/06 (12:23:27) | ===> btop++ v.1.4.0
2024/12/06 (12:23:27) | WARNING: ROCm SMI: Failed to get maximum GPU temperature, defaulting to 110°C
2024/12/06 (12:23:27) | WARNING: ROCm SMI: Failed to get GPU power usage

2024/12/06 (12:23:32) | ===> btop++ v.1.4.0
2024/12/06 (12:23:32) | WARNING: ROCm SMI: Failed to get maximum GPU temperature, defaulting to 110°C
2024/12/06 (12:23:32) | WARNING: ROCm SMI: Failed to get GPU power usage

2024/12/06 (12:23:42) | ===> btop++ v.1.4.0
2024/12/06 (12:23:42) | WARNING: ROCm SMI: Failed to get maximum GPU temperature, defaulting to 110°C
2024/12/06 (12:23:42) | WARNING: ROCm SMI: Failed to get GPU power usage

2024/12/06 (17:12:51) | ===> btop++ v.1.4.0
2024/12/06 (17:12:51) | WARNING: ROCm SMI: Failed to get maximum GPU temperature, defaulting to 110°C
2024/12/06 (17:12:51) | WARNING: ROCm SMI: Failed to get GPU power usage

2024/12/10 (07:29:01) | ===> btop++ v.1.4.0
2024/12/10 (07:29:01) | WARNING: ROCm SMI: Failed to get maximum GPU temperature, defaulting to 110°C
2024/12/10 (07:29:01) | WARNING: ROCm SMI: Failed to get GPU power usage

2024/12/10 (09:34:46) | ===> btop++ v.1.4.0
2024/12/10 (09:34:46) | WARNING: ROCm SMI: Failed to get maximum GPU temperature, defaulting to 110°C
2024/12/10 (09:34:46) | WARNING: ROCm SMI: Failed to get GPU power usage

2024/12/10 (22:54:12) | ===> btop++ v.1.4.0
2024/12/10 (22:54:12) | WARNING: ROCm SMI: Failed to get maximum GPU temperature, defaulting to 110°C
2024/12/10 (22:54:12) | WARNING: ROCm SMI: Failed to get GPU power usage

2024/12/11 (13:17:24) | ===> btop++ v.1.4.0
2024/12/11 (13:17:24) | WARNING: ROCm SMI: Failed to get maximum GPU temperature, defaulting to 110°C
2024/12/11 (13:17:24) | WARNING: ROCm SMI: Failed to get GPU power usage

2024/12/11 (18:05:39) | ===> btop++ v.1.4.0
2024/12/11 (18:05:39) | WARNING: ROCm SMI: Failed to get maximum GPU temperature, defaulting to 110°C
2024/12/11 (18:05:39) | WARNING: ROCm SMI: Failed to get GPU power usage

2024/12/11 (18:53:21) | ===> btop++ v.1.4.0
2024/12/11 (18:53:21) | WARNING: ROCm SMI: Failed to get maximum GPU temperature, defaulting to 110°C
2024/12/11 (18:53:21) | WARNING: ROCm SMI: Failed to get GPU power usage

2024/12/11 (22:07:37) | ===> btop++ v.1.4.0
2024/12/11 (22:07:37) | WARNING: ROCm SMI: Failed to get maximum GPU temperature, defaulting to 110°C
2024/12/11 (22:07:37) | WARNING: ROCm SMI: Failed to get GPU power usage

2024/12/11 (22:08:06) | ===> btop++ v.1.4.0
2024/12/11 (22:08:06) | WARNING: ROCm SMI: Failed to get maximum GPU temperature, defaulting to 110°C
2024/12/11 (22:08:06) | WARNING: ROCm SMI: Failed to get GPU power usage

2024/12/11 (23:22:23) | ===> btop++ v.1.4.0
2024/12/11 (23:22:23) | WARNING: ROCm SMI: Failed to get maximum GPU temperature, defaulting to 110°C
2024/12/11 (23:22:23) | WARNING: ROCm SMI: Failed to get GPU power usage

2024/12/12 (19:42:26) | ===> btop++ v.1.4.0
2024/12/12 (19:42:26) | WARNING: ROCm SMI: Failed to get maximum GPU temperature, defaulting to 110°C
2024/12/12 (19:42:26) | WARNING: ROCm SMI: Failed to get GPU power usage

2024/12/12 (19:42:29) | ===> btop++ v.1.4.0
2024/12/12 (19:42:29) | WARNING: ROCm SMI: Failed to get maximum GPU temperature, defaulting to 110°C
2024/12/12 (19:42:29) | WARNING: ROCm SMI: Failed to get GPU power usage

2024/12/12 (19:48:21) | ===> btop++ v.1.4.0
2024/12/12 (19:48:21) | WARNING: ROCm SMI: Failed to get maximum GPU temperature, defaulting to 110°C
2024/12/12 (19:48:21) | WARNING: ROCm SMI: Failed to get GPU power usage

2024/12/12 (19:48:44) | ===> btop++ v.1.4.0
2024/12/12 (19:48:44) | WARNING: ROCm SMI: Failed to get maximum GPU temperature, defaulting to 110°C
2024/12/12 (19:48:44) | WARNING: ROCm SMI: Failed to get GPU power usage

2024/12/12 (19:49:22) | ===> btop++ v.1.4.0
2024/12/12 (19:49:22) | WARNING: ROCm SMI: Failed to get maximum GPU temperature, defaulting to 110°C
2024/12/12 (19:49:22) | WARNING: ROCm SMI: Failed to get GPU power usage

2024/12/12 (19:49:42) | ===> btop++ v.1.4.0
2024/12/12 (19:49:42) | WARNING: ROCm SMI: Failed to get maximum GPU temperature, defaulting to 110°C
2024/12/12 (19:49:42) | WARNING: ROCm SMI: Failed to get GPU power usage

2024/12/12 (20:02:40) | ===> btop++ v.1.4.0
2024/12/12 (20:02:40) | WARNING: ROCm SMI: Failed to get maximum GPU temperature, defaulting to 110°C
2024/12/12 (20:02:40) | WARNING: ROCm SMI: Failed to get GPU power usage

2024/12/12 (21:02:23) | ===> btop++ v.1.4.0
2024/12/12 (21:02:23) | WARNING: ROCm SMI: Failed to get maximum GPU temperature, defaulting to 110°C
2024/12/12 (21:02:23) | WARNING: ROCm SMI: Failed to get GPU power usage

2024/12/12 (22:19:45) | ===> btop++ v.1.4.0
2024/12/12 (22:19:45) | WARNING: ROCm SMI: Failed to get maximum GPU temperature, defaulting to 110°C
2024/12/12 (22:19:45) | WARNING: ROCm SMI: Failed to get GPU power usage

2024/12/14 (01:06:06) | ===> btop++ v.1.4.0
2024/12/14 (01:06:06) | WARNING: ROCm SMI: Failed to get maximum GPU temperature, defaulting to 110°C
2024/12/14 (01:06:06) | WARNING: ROCm SMI: Failed to get GPU power usage

2024/12/14 (02:03:27) | ===> btop++ v.1.4.0
2024/12/14 (02:03:27) | WARNING: ROCm SMI: Failed to get maximum GPU temperature, defaulting to 110°C
2024/12/14 (02:03:27) | WARNING: ROCm SMI: Failed to get GPU power usage

2024/12/15 (02:19:23) | ===> btop++ v.1.4.0
2024/12/15 (02:19:23) | WARNING: ROCm SMI: Failed to get maximum GPU temperature, defaulting to 110°C
2024/12/15 (02:19:23) | WARNING: ROCm SMI: Failed to get GPU power usage

2024/12/15 (02:31:31) | ===> btop++ v.1.4.0
2024/12/15 (02:31:31) | WARNING: ROCm SMI: Failed to get maximum GPU temperature, defaulting to 110°C
2024/12/15 (02:31:31) | WARNING: ROCm SMI: Failed to get GPU power usage

2024/12/15 (02:31:47) | ===> btop++ v.1.4.0
2024/12/15 (02:31:47) | WARNING: ROCm SMI: Failed to get maximum GPU temperature, defaulting to 110°C
2024/12/15 (02:31:47) | WARNING: ROCm SMI: Failed to get GPU power usage

2024/12/15 (02:32:04) | ===> btop++ v.1.4.0
2024/12/15 (02:32:04) | WARNING: ROCm SMI: Failed to get maximum GPU temperature, defaulting to 110°C
2024/12/15 (02:32:04) | WARNING: ROCm SMI: Failed to get GPU power usage

2024/12/15 (02:55:37) | ===> btop++ v.1.4.0
2024/12/15 (02:55:37) | WARNING: ROCm SMI: Failed to get maximum GPU temperature, defaulting to 110°C
2024/12/15 (02:55:37) | WARNING: ROCm SMI: Failed to get GPU power usage

2024/12/15 (18:07:31) | ===> btop++ v.1.4.0
2024/12/15 (18:07:31) | WARNING: ROCm SMI: Failed to get maximum GPU temperature, defaulting to 110°C
2024/12/15 (18:07:31) | WARNING: ROCm SMI: Failed to get GPU power usage

2024/12/15 (18:22:47) | ===> btop++ v.1.4.0
2024/12/15 (18:22:47) | WARNING: ROCm SMI: Failed to get maximum GPU temperature, defaulting to 110°C
2024/12/15 (18:22:47) | WARNING: ROCm SMI: Failed to get GPU power usage

2024/12/16 (20:57:42) | ===> btop++ v.1.4.0
2024/12/16 (20:57:42) | WARNING: ROCm SMI: Failed to get maximum GPU temperature, defaulting to 110°C
2024/12/16 (20:57:42) | WARNING: ROCm SMI: Failed to get GPU power usage

2024/12/17 (00:30:18) | ===> btop++ v.1.4.0
2024/12/17 (00:30:18) | WARNING: ROCm SMI: Failed to get maximum GPU temperature, defaulting to 110°C
2024/12/17 (00:30:18) | WARNING: ROCm SMI: Failed to get GPU power usage

2024/12/17 (18:30:50) | ===> btop++ v.1.4.0
2024/12/17 (18:30:50) | WARNING: ROCm SMI: Failed to get maximum GPU temperature, defaulting to 110°C
2024/12/17 (18:30:50) | WARNING: ROCm SMI: Failed to get GPU power usage

2024/12/17 (18:41:55) | ===> btop++ v.1.4.0
2024/12/17 (18:41:55) | WARNING: ROCm SMI: Failed to get maximum GPU temperature, defaulting to 110°C
2024/12/17 (18:41:55) | WARNING: ROCm SMI: Failed to get GPU power usage

2024/12/17 (22:08:49) | ===> btop++ v.1.4.0
2024/12/17 (22:08:49) | WARNING: ROCm SMI: Failed to get maximum GPU temperature, defaulting to 110°C
2024/12/17 (22:08:49) | WARNING: ROCm SMI: Failed to get GPU power usage

2024/12/17 (22:34:05) | ===> btop++ v.1.4.0
2024/12/17 (22:34:05) | WARNING: ROCm SMI: Failed to get maximum GPU temperature, defaulting to 110°C
2024/12/17 (22:34:05) | WARNING: ROCm SMI: Failed to get GPU power usage

2024/12/19 (00:21:30) | ===> btop++ v.1.4.0
2024/12/19 (00:21:30) | WARNING: ROCm SMI: Failed to get maximum GPU temperature, defaulting to 110°C
2024/12/19 (00:21:30) | WARNING: ROCm SMI: Failed to get GPU power usage

2024/12/19 (11:33:34) | ===> btop++ v.1.4.0
2024/12/19 (11:33:34) | WARNING: ROCm SMI: Failed to get maximum GPU temperature, defaulting to 110°C
2024/12/19 (11:33:34) | WARNING: ROCm SMI: Failed to get GPU power usage

2024/12/19 (11:52:51) | ===> btop++ v.1.4.0
2024/12/19 (11:52:51) | WARNING: ROCm SMI: Failed to get maximum GPU temperature, defaulting to 110°C
2024/12/19 (11:52:51) | WARNING: ROCm SMI: Failed to get GPU power usage

2024/12/19 (12:15:21) | ===> btop++ v.1.4.0
2024/12/19 (12:15:21) | WARNING: ROCm SMI: Failed to get maximum GPU temperature, defaulting to 110°C
2024/12/19 (12:15:21) | WARNING: ROCm SMI: Failed to get GPU power usage

2024/12/19 (12:21:13) | ===> btop++ v.1.4.0
2024/12/19 (12:21:13) | WARNING: ROCm SMI: Failed to get maximum GPU temperature, defaulting to 110°C
2024/12/19 (12:21:13) | WARNING: ROCm SMI: Failed to get GPU power usage

2024/12/19 (12:21:21) | ===> btop++ v.1.4.0
2024/12/19 (12:21:21) | WARNING: ROCm SMI: Failed to get maximum GPU temperature, defaulting to 110°C
2024/12/19 (12:21:21) | WARNING: ROCm SMI: Failed to get GPU power usage

2024/12/19 (12:34:44) | ===> btop++ v.1.4.0
2024/12/19 (12:34:44) | WARNING: ROCm SMI: Failed to get maximum GPU temperature, defaulting to 110°C
2024/12/19 (12:34:44) | WARNING: ROCm SMI: Failed to get GPU power usage

2024/12/19 (12:50:15) | ===> btop++ v.1.4.0
2024/12/19 (12:50:15) | WARNING: ROCm SMI: Failed to get maximum GPU temperature, defaulting to 110°C
2024/12/19 (12:50:15) | WARNING: ROCm SMI: Failed to get GPU power usage

2024/12/19 (12:53:32) | ===> btop++ v.1.4.0
2024/12/19 (12:53:32) | WARNING: ROCm SMI: Failed to get maximum GPU temperature, defaulting to 110°C
2024/12/19 (12:53:32) | WARNING: ROCm SMI: Failed to get GPU power usage

2024/12/19 (13:02:48) | ===> btop++ v.1.4.0
2024/12/19 (13:02:48) | WARNING: ROCm SMI: Failed to get maximum GPU temperature, defaulting to 110°C
2024/12/19 (13:02:48) | WARNING: ROCm SMI: Failed to get GPU power usage

2024/12/19 (13:06:44) | ===> btop++ v.1.4.0
2024/12/19 (13:06:44) | WARNING: ROCm SMI: Failed to get maximum GPU temperature, defaulting to 110°C
2024/12/19 (13:06:44) | WARNING: ROCm SMI: Failed to get GPU power usage

2024/12/19 (14:05:42) | ===> btop++ v.1.4.0
2024/12/19 (14:05:42) | WARNING: ROCm SMI: Failed to get maximum GPU temperature, defaulting to 110°C
2024/12/19 (14:05:42) | WARNING: ROCm SMI: Failed to get GPU power usage

2024/12/19 (18:47:54) | ===> btop++ v.1.4.0
2024/12/19 (18:47:54) | WARNING: ROCm SMI: Failed to get maximum GPU temperature, defaulting to 110°C
2024/12/19 (18:47:54) | WARNING: ROCm SMI: Failed to get GPU power usage
2024/12/19 (18:48:00) | WARNING: Failed to join _runner thread on exit!
2024/12/19 (18:48:00) | ERROR: No response from Runner thread, quitting!

2024/12/19 (18:48:03) | ===> btop++ v.1.4.0
2024/12/19 (18:48:03) | WARNING: ROCm SMI: Failed to get maximum GPU temperature, defaulting to 110°C
2024/12/19 (18:48:03) | WARNING: ROCm SMI: Failed to get GPU power usage
2024/12/19 (18:48:08) | ERROR: Stall in Runner thread, restarting!
2024/12/19 (18:48:14) | ERROR: Stall in Runner thread, restarting!

2024/12/21 (00:38:40) | ===> btop++ v.1.4.0
2024/12/21 (00:38:40) | WARNING: ROCm SMI: Failed to get maximum GPU temperature, defaulting to 110°C
2024/12/21 (00:38:40) | WARNING: ROCm SMI: Failed to get GPU power usage

2024/12/21 (15:38:02) | ===> btop++ v.1.4.0
2024/12/21 (15:38:02) | WARNING: ROCm SMI: Failed to get maximum GPU temperature, defaulting to 110°C
2024/12/21 (15:38:02) | WARNING: ROCm SMI: Failed to get GPU power usage

2024/12/22 (16:04:33) | ===> btop++ v.1.4.0
2024/12/22 (16:04:33) | WARNING: ROCm SMI: Failed to get maximum GPU temperature, defaulting to 110°C
2024/12/22 (16:04:33) | WARNING: ROCm SMI: Failed to get GPU power usage

2024/12/30 (15:39:08) | ===> btop++ v.1.4.0
2024/12/30 (15:39:08) | WARNING: ROCm SMI: Failed to get maximum GPU temperature, defaulting to 110°C
2024/12/30 (15:39:08) | WARNING: ROCm SMI: Failed to get GPU power usage

2025/01/01 (18:51:06) | ===> btop++ v.1.4.0
2025/01/01 (18:51:06) | WARNING: ROCm SMI: Failed to get maximum GPU temperature, defaulting to 110°C
2025/01/01 (18:51:06) | WARNING: ROCm SMI: Failed to get GPU power usage

2025/01/02 (05:25:54) | ===> btop++ v.1.4.0
2025/01/02 (05:25:54) | WARNING: ROCm SMI: Failed to get maximum GPU temperature, defaulting to 110°C
2025/01/02 (05:25:54) | WARNING: ROCm SMI: Failed to get GPU power usage

2025/01/02 (06:50:03) | ===> btop++ v.1.4.0
2025/01/02 (06:50:03) | WARNING: ROCm SMI: Failed to get maximum GPU temperature, defaulting to 110°C
2025/01/02 (06:50:03) | WARNING: ROCm SMI: Failed to get GPU power usage

2025/01/02 (06:59:50) | ===> btop++ v.1.4.0
2025/01/02 (06:59:50) | WARNING: ROCm SMI: Failed to get maximum GPU temperature, defaulting to 110°C
2025/01/02 (06:59:50) | WARNING: ROCm SMI: Failed to get GPU power usage

2025/01/02 (15:23:31) | ===> btop++ v.1.4.0
2025/01/02 (15:23:31) | WARNING: ROCm SMI: Failed to get maximum GPU temperature, defaulting to 110°C
2025/01/02 (15:23:31) | WARNING: ROCm SMI: Failed to get GPU power usage

2025/01/05 (20:37:16) | ===> btop++ v.1.4.0
2025/01/05 (20:37:16) | WARNING: ROCm SMI: Failed to get maximum GPU temperature, defaulting to 110°C
2025/01/05 (20:37:16) | WARNING: ROCm SMI: Failed to get GPU power usage

2025/01/05 (20:38:07) | ===> btop++ v.1.4.0
2025/01/05 (20:38:07) | WARNING: ROCm SMI: Failed to get maximum GPU temperature, defaulting to 110°C
2025/01/05 (20:38:07) | WARNING: ROCm SMI: Failed to get GPU power usage

2025/01/05 (20:43:14) | ===> btop++ v.1.4.0
2025/01/05 (20:43:14) | WARNING: ROCm SMI: Failed to get maximum GPU temperature, defaulting to 110°C
2025/01/05 (20:43:14) | WARNING: ROCm SMI: Failed to get GPU power usage

2025/01/05 (21:23:59) | ===> btop++ v.1.4.0
2025/01/05 (21:23:59) | WARNING: ROCm SMI: Failed to get maximum GPU temperature, defaulting to 110°C
2025/01/05 (21:23:59) | WARNING: ROCm SMI: Failed to get GPU power usage

2025/01/06 (03:39:44) | ===> btop++ v.1.4.0
2025/01/06 (03:39:44) | WARNING: ROCm SMI: Failed to get maximum GPU temperature, defaulting to 110°C
2025/01/06 (03:39:44) | WARNING: ROCm SMI: Failed to get GPU power usage

2025/01/14 (10:01:57) | ===> btop++ v.1.4.0
2025/01/14 (10:01:57) | WARNING: ROCm SMI: Failed to get maximum GPU temperature, defaulting to 110°C
2025/01/14 (10:01:57) | WARNING: ROCm SMI: Failed to get GPU power usage

2025/01/14 (10:21:44) | ===> btop++ v.1.4.0
2025/01/14 (10:21:44) | WARNING: ROCm SMI: Failed to get maximum GPU temperature, defaulting to 110°C
2025/01/14 (10:21:44) | WARNING: ROCm SMI: Failed to get GPU power usage

2025/01/19 (14:16:20) | ===> btop++ v.1.4.0
2025/01/19 (14:16:20) | WARNING: ROCm SMI: Failed to get maximum GPU temperature, defaulting to 110°C
2025/01/19 (14:16:20) | WARNING: ROCm SMI: Failed to get GPU power usage

2025/01/19 (14:38:09) | ===> btop++ v.1.4.0
2025/01/19 (14:38:09) | WARNING: ROCm SMI: Failed to get maximum GPU temperature, defaulting to 110°C
2025/01/19 (14:38:09) | WARNING: ROCm SMI: Failed to get GPU power usage

2025/01/19 (14:58:43) | ===> btop++ v.1.4.0
2025/01/19 (14:58:43) | WARNING: ROCm SMI: Failed to get maximum GPU temperature, defaulting to 110°C
2025/01/19 (14:58:43) | WARNING: ROCm SMI: Failed to get GPU power usage
